<?xml version="1.0" encoding="UTF-8"?><testsuite name="XProc Test Suite" timestamp="2018-10-21T19:34:41" time="39.407" hostname="hackmatack" tests="439" failures="0" skipped="2" errors="205"><properties>
<property name="processor" value="XML Calabash"/>
<property name="version" value="1.9.15 (with JAFPL 0.0.66 for Saxon 9.8.0.14/HE)"/>
<property name="productVersion" value="1.9.15"/>
<property name="jafplVersion" value="0.0.66"/>
<property name="saxonVersion" value="9.8.0.14/HE"/>
<property name="vendor" value="Norman Walsh"/>
<property name="vendorURI" value="http://xmlcalabash.com/"/>
<property name="xprocVersion" value="3.0"/>
<property name="xpathVersion" value="3.1"/>
<property name="psviSupported" value="false"/>
</properties>
<testcase name="ab-variable-027.xml" classname="com.xmlcalabash.testing.TestRunner" time="1.435"><system-out/><system-err/></testcase><testcase name="ab-variable-033.xml" classname="com.xmlcalabash.testing.TestRunner" time="0.3"><system-out/><system-err/></testcase><testcase name="ab-input-004.xml" classname="com.xmlcalabash.testing.TestRunner" time="0.023"><system-out>ERROR file:///projects/xproc/test-suite/test-suite/tests/ab-input-004.xml err:XS0077 Invalid value specified: “yes”. Value must be boolean.
</system-out><system-err/></testcase><testcase name="ab-input-010.xml" classname="com.xmlcalabash.testing.TestRunner" time="0.023"><system-out>ERROR file:///projects/xproc/test-suite/test-suite/tests/ab-input-010.xml err:XS0044 The element named “p:pipe” is not allowed: element is not allowed here.
</system-out><system-err/></testcase><testcase name="ab-with-input-063.xml" classname="com.xmlcalabash.testing.TestRunner" time="0.017"><system-out/><system-err/></testcase><testcase name="ab-p-document007.xml" classname="com.xmlcalabash.testing.TestRunner" time="0.32"><failure>p:document-properties: The document root is not p:document-properties.</failure><system-out/><system-err/></testcase><testcase name="ab-p-document013.xml" classname="com.xmlcalabash.testing.TestRunner" time="0.233"><failure>@default='true': #FIXED attribute missing.</failure><system-out/><system-err/></testcase><testcase name="ab-contenttypes-002.xml" classname="com.xmlcalabash.testing.TestRunner" time="0.012"><system-out>ERROR err:XS0077 Invalid value specified: “content-types”. Value must be content type.
</system-out><system-err/></testcase><testcase name="ab-static-option-var-027.xml" classname="com.xmlcalabash.testing.TestRunner" time="0.212"><system-out/><system-err/></testcase><testcase name="ab-static-option-var-033.xml" classname="com.xmlcalabash.testing.TestRunner" time="0.134"><failure/><system-out/><system-err/></testcase><testcase name="ab-with-option-002.xml" classname="com.xmlcalabash.testing.TestRunner" time="0.012"><system-out>ERROR file:///projects/xproc/test-suite/test-suite/tests/ab-with-option-002.xml err:XS0031 The option named ‘undeclared’ is not allowed on a ‘p:identity’ step.
</system-out><system-err/></testcase><testcase name="ab-with-option-003.xml" classname="com.xmlcalabash.testing.TestRunner" time="0.01"><system-out>ERROR file:///projects/xproc/test-suite/test-suite/tests/ab-with-option-003.xml err:XS0080 Duplicated option name: “limit”.
</system-out><system-err/></testcase><testcase name="ab-static-option-var-032.xml" classname="com.xmlcalabash.testing.TestRunner" time="0.025"><failure>JafplException 17: [{Joiner-59}→{_1410-55}→{Splitter-58}→{static-variable-54}→{AtomicNode-56}→{Joiner-59}]: }</failure><system-out>error:JafplException 17: [{Joiner-59}→{_1410-55}→{Splitter-58}→{static-variable-54}→{AtomicNode-56}→{Joiner-59}]: }
</system-out><system-err/></testcase><testcase name="ab-static-option-var-026.xml" classname="com.xmlcalabash.testing.TestRunner" time="0.139"><failure>Undeclared variable in XPath expression: $static-variable</failure><system-out>ERROR err:XPST0008 Undeclared variable in XPath expression: $static-variable
</system-out><system-err/></testcase><testcase name="ab-contenttypes-003.xml" classname="com.xmlcalabash.testing.TestRunner" time="0.131"><failure/><system-out/><system-err/></testcase><testcase name="ab-p-document012.xml" classname="com.xmlcalabash.testing.TestRunner" time="0.12"><system-out>ERROR err:XD0023 XML document is not valid: file:/projects/xproc/test-suite/test-suite/documents/ab-doc.xml
</system-out><system-err/></testcase><testcase name="ab-p-document006.xml" classname="com.xmlcalabash.testing.TestRunner" time="0.212"><system-out/><system-err/></testcase><testcase name="ab-with-input-062.xml" classname="com.xmlcalabash.testing.TestRunner" time="0.011"><system-out/><system-err/></testcase><testcase name="ab-input-011.xml" classname="com.xmlcalabash.testing.TestRunner" time="0.007"><system-out>ERROR file:///projects/xproc/test-suite/test-suite/tests/ab-input-011.xml err:XS0081 If an href attribute is present, no other data bindings may be specified.
</system-out><system-err/></testcase><testcase name="ab-input-005.xml" classname="com.xmlcalabash.testing.TestRunner" time="0.006"><system-out>ERROR file:///projects/xproc/test-suite/test-suite/tests/ab-input-005.xml err:XS0077 Invalid value specified: “yes”. Value must be boolean.
</system-out><system-err/></testcase><testcase name="ab-variable-032.xml" classname="com.xmlcalabash.testing.TestRunner" time="0.189"><system-out/><system-err/></testcase><testcase name="ab-variable-026.xml" classname="com.xmlcalabash.testing.TestRunner" time="0.208"><system-out/><system-err/></testcase><testcase name="ab-variable-018.xml" classname="com.xmlcalabash.testing.TestRunner" time="0.123"><system-out>ERROR file:///projects/xproc/test-suite/test-suite/tests/ab-variable-018.xml err:XD0036 Computed result “X” does not match specified type “xs:float”.
</system-out><system-err/></testcase><testcase name="ab-err-s0096-008.xml" classname="com.xmlcalabash.testing.TestRunner" time="0.005"><system-out>ERROR file:///projects/xproc/test-suite/test-suite/tests/ab-err-s0096-008.xml err:XS0096 Invalid sequence type: “xs:integer-”. Unknown atomic type xs:integer-.
</system-out><system-err/></testcase><testcase name="ab-variable-030.xml" classname="com.xmlcalabash.testing.TestRunner" time="0.199"><system-out/><system-err/></testcase><testcase name="ab-variable-024.xml" classname="com.xmlcalabash.testing.TestRunner" time="0.007"><system-out>ERROR file:///projects/xproc/test-suite/test-suite/tests/ab-variable-024.xml err:XS0077 Invalid value specified: “foo”. Value must be boolean.
</system-out><system-err/></testcase><testcase name="err-xs0096-001.xml" classname="com.xmlcalabash.testing.TestRunner" time="0.006"><system-out>ERROR file:///projects/xproc/test-suite/test-suite/tests/err-xs0096-001.xml err:XS0096 Invalid sequence type: “foo bar baz”. Unknown simple type foo.
</system-out><system-err/></testcase><testcase name="ab-input-013.xml" classname="com.xmlcalabash.testing.TestRunner" time="0.006"><system-out>ERROR file:///projects/xproc/test-suite/test-suite/tests/ab-input-013.xml err:XS0081 If an href attribute is present, no other data bindings may be specified.
</system-out><system-err/></testcase><testcase name="ab-input-007.xml" classname="com.xmlcalabash.testing.TestRunner" time="0.006"><system-out>ERROR file:///projects/xproc/test-suite/test-suite/tests/ab-input-007.xml err:XS0011 Duplicate port name: ‘source’
</system-out><system-err/></testcase><testcase name="ab-with-input-060.xml" classname="com.xmlcalabash.testing.TestRunner" time="0.007"><system-out>ERROR file:///projects/xproc/test-suite/test-suite/tests/ab-with-input-060.xml err:XS0003 No connection provided for input port ‘insertion’ on step ‘!1.1’.
</system-out><system-err/></testcase><testcase name="ab-with-input-048.xml" classname="com.xmlcalabash.testing.TestRunner" time="0.006"><system-out>ERROR file:///projects/xproc/test-suite/test-suite/tests/ab-with-input-048.xml err:XS0044 The element named “p:document” is not allowed: cannot mix implicit inlines with elements in the XProc namespace.
</system-out><system-err/></testcase><testcase name="ab-with-input-select-008.xml" classname="com.xmlcalabash.testing.TestRunner" time="0.116"><system-out>[INFO] [10/21/2018 19:34:06.268] [jafpl-com-135-akka.actor.default-dispatcher-6] [akka://jafpl-com-135/user/____132] Message [com.jafpl.runtime.NodeActor$NClose] from Actor[akka://jafpl-com-135/user/monitor#669886888] to Actor[akka://jafpl-com-135/user/____132#1570289790] was not delivered. [1] dead letters encountered. If this is not an expected behavior, then [Actor[akka://jafpl-com-135/user/____132#1570289790]] may have terminated unexpectedly, This logging can be turned off or adjusted with configuration settings 'akka.log-dead-letters' and 'akka.log-dead-letters-during-shutdown'.
ERROR file:///projects/xproc/test-suite/test-suite/tests/ab-with-input-select-008.xml err:XD0016 Invalid selection, “/doc/@*” selects an attribute.
</system-out><system-err/></testcase><testcase name="ab-p-document010.xml" classname="com.xmlcalabash.testing.TestRunner" time="0.126"><system-out>ERROR err:XD0011 Failed to load XML: file:/projects/xproc/test-suite/test-suite/documents/ab-not-wellformed.xml
</system-out><system-err/></testcase><testcase name="ab-contenttypes-001.xml" classname="com.xmlcalabash.testing.TestRunner" time="0.008"><system-out>ERROR err:XS0077 Invalid value specified: “content-types”. Value must be content type.
</system-out><system-err/></testcase><testcase name="ab-p-document004.xml" classname="com.xmlcalabash.testing.TestRunner" time="1.112"><failure>p:document-properties: The document root is not p:document-properties.</failure><system-out/><system-err/></testcase><testcase name="ab-static-option-var-030.xml" classname="com.xmlcalabash.testing.TestRunner" time="0.005"><failure/><system-out/><system-err/></testcase><testcase name="ab-static-option-var-024.xml" classname="com.xmlcalabash.testing.TestRunner" time="0.007"><failure/><system-out>{step test1-one com.xmlcalabash.model.xml.AtomicStep@3c4f0087}
{step test2-one com.xmlcalabash.model.xml.AtomicStep@1f537655}
{step test1-one com.xmlcalabash.model.xml.AtomicStep@3c4f0087}
{step test1-one com.xmlcalabash.model.xml.AtomicStep@3c4f0087}
{step test2-one com.xmlcalabash.model.xml.AtomicStep@1f537655}
{step test2-one com.xmlcalabash.model.xml.AtomicStep@1f537655}
{step test1-one com.xmlcalabash.model.xml.AtomicStep@3c4f0087}
</system-out><system-err/></testcase><testcase name="ab-with-option-001.xml" classname="com.xmlcalabash.testing.TestRunner" time="0.004"><system-out>ERROR file:///projects/xproc/test-suite/test-suite/tests/ab-with-option-001.xml err:XS0031 The option named ‘option’ is not allowed on a ‘p:identity’ step.
</system-out><system-err/></testcase><testcase name="ab-static-option-var-018.xml" classname="com.xmlcalabash.testing.TestRunner" time="0.118"><failure/><system-out/><system-err/></testcase><testcase name="ab-static-option-var-019.xml" classname="com.xmlcalabash.testing.TestRunner" time="0.008"><failure/><system-out>{step !1.1.1 com.xmlcalabash.model.xml.AtomicStep@4858e6c0}
{step !1.1.1 com.xmlcalabash.model.xml.AtomicStep@4858e6c0}
{step !1.1.1 com.xmlcalabash.model.xml.AtomicStep@4858e6c0}
{step !1.1.1 com.xmlcalabash.model.xml.AtomicStep@4858e6c0}
</system-out><system-err/></testcase><testcase name="ab-static-option-var-025.xml" classname="com.xmlcalabash.testing.TestRunner" time="0.008"><failure/><system-out>{step test1-one com.xmlcalabash.model.xml.AtomicStep@323d09e7}
{step test1-one com.xmlcalabash.model.xml.AtomicStep@323d09e7}
{step test1-one com.xmlcalabash.model.xml.AtomicStep@323d09e7}
{step test1-one com.xmlcalabash.model.xml.AtomicStep@323d09e7}
</system-out><system-err/></testcase><testcase name="ab-static-option-var-031.xml" classname="com.xmlcalabash.testing.TestRunner" time="0.007"><failure/><system-out>{step !1.1.1 com.xmlcalabash.model.xml.AtomicStep@1d9f9600}
{step !1.1.1 com.xmlcalabash.model.xml.AtomicStep@1d9f9600}
{step !1.1.1 com.xmlcalabash.model.xml.AtomicStep@1d9f9600}
ERROR file:///projects/xproc/test-suite/test-suite/tests/ab-static-option-var-031.xml err:XS0032 No connection provided for primary input port ‘source’ on step ‘!1.1’ and no default readable port exists.
</system-out><system-err/></testcase><testcase name="ab-p-document005.xml" classname="com.xmlcalabash.testing.TestRunner" time="0.199"><system-out/><system-err/></testcase><testcase name="ab-p-document011.xml" classname="com.xmlcalabash.testing.TestRunner" time="0.118"><system-out>ERROR err:XD0011 Failed to load XML: file:/projects/xproc/test-suite/test-suite/documents/ab-not-wellformed.xml
</system-out><system-err/></testcase><testcase name="ab-with-input-select-009.xml" classname="com.xmlcalabash.testing.TestRunner" time="0.214"><system-out/><system-err/></testcase><testcase name="ab-with-input-049.xml" classname="com.xmlcalabash.testing.TestRunner" time="0.006"><system-out>ERROR file:///projects/xproc/test-suite/test-suite/tests/ab-with-input-049.xml err:XS0044 The element named “p:pipe” is not allowed: cannot mix implicit inlines with elements in the XProc namespace.
</system-out><system-err/></testcase><testcase name="ab-with-input-061.xml" classname="com.xmlcalabash.testing.TestRunner" time="0.005"><system-out/><system-err/></testcase><testcase name="ab-input-006.xml" classname="com.xmlcalabash.testing.TestRunner" time="0.005"><system-out>ERROR file:///projects/xproc/test-suite/test-suite/tests/ab-input-006.xml err:XS0011 Duplicate port name: ‘source’
</system-out><system-err/></testcase><testcase name="ab-input-012.xml" classname="com.xmlcalabash.testing.TestRunner" time="0.006"><system-out>ERROR file:///projects/xproc/test-suite/test-suite/tests/ab-input-012.xml err:XS0081 If an href attribute is present, no other data bindings may be specified.
</system-out><system-err/></testcase><testcase name="ab-variable-025.xml" classname="com.xmlcalabash.testing.TestRunner" time="0.168"><system-out/><system-err/></testcase><testcase name="ab-variable-031.xml" classname="com.xmlcalabash.testing.TestRunner" time="0.18"><system-out/><system-err/></testcase><testcase name="ab-variable-019.xml" classname="com.xmlcalabash.testing.TestRunner" time="0.189"><system-out/><system-err/></testcase><testcase name="ab-variable-035.xml" classname="com.xmlcalabash.testing.TestRunner" time="0.191"><system-out/><system-err/></testcase><testcase name="ab-variable-021.xml" classname="com.xmlcalabash.testing.TestRunner" time="0.121"><system-out>ERROR file:///projects/xproc/test-suite/test-suite/tests/ab-variable-021.xml err:XD0008 A sequence is not allowed as the context item in expression: “count(.)” (Saxon: The context item is absent)
</system-out><system-err/></testcase><testcase name="ab-variable-009.xml" classname="com.xmlcalabash.testing.TestRunner" time="0.006"><system-out>ERROR file:///projects/xproc/test-suite/test-suite/tests/ab-variable-009.xml err:XS0081 If an href attribute is present, no other data bindings may be specified.
</system-out><system-err/></testcase><testcase name="ab-input-016.xml" classname="com.xmlcalabash.testing.TestRunner" time="0.113"><failure/><system-out/><system-err/></testcase><testcase name="ab-input-002.xml" classname="com.xmlcalabash.testing.TestRunner" time="0.007"><system-out>ERROR err:XS0077 Invalid value specified: “p:not-allowed”. Value must be NCName.
</system-out><system-err/></testcase><testcase name="ab-with-input-059.xml" classname="com.xmlcalabash.testing.TestRunner" time="0.005"><system-out>ERROR file:///projects/xproc/test-suite/test-suite/tests/ab-with-input-059.xml err:XS0003 No connection provided for input port ‘insertion’ on step ‘!1.1’.
</system-out><system-err/></testcase><testcase name="ab-with-input-065.xml" classname="com.xmlcalabash.testing.TestRunner" time="0.17"><system-out/><system-err/></testcase><testcase name="ab-p-document029.xml" classname="com.xmlcalabash.testing.TestRunner" time="0.182"><system-out/><system-err/></testcase><testcase name="ab-contenttypes-004.xml" classname="com.xmlcalabash.testing.TestRunner" time="0.112"><failure/><system-out/><system-err/></testcase><testcase name="ab-p-document015.xml" classname="com.xmlcalabash.testing.TestRunner" time="0.118"><system-out>ERROR err:XD0023 XML document is not valid: file:/projects/xproc/test-suite/test-suite/documents/ab-invalid-doc-dtd-external.xml
</system-out><system-err/></testcase><testcase name="ab-p-document001.xml" classname="com.xmlcalabash.testing.TestRunner" time="0.809"><system-out/><system-err/></testcase><testcase name="ab-static-option-var-009.xml" classname="com.xmlcalabash.testing.TestRunner" time="0.167"><system-out/><system-err/></testcase><testcase name="ab-with-option-004.xml" classname="com.xmlcalabash.testing.TestRunner" time="0.006"><system-out>ERROR file:///projects/xproc/test-suite/test-suite/tests/ab-with-option-004.xml err:XS0080 Duplicated option name: “limit”.
</system-out><system-err/></testcase><testcase name="ab-static-option-var-035.xml" classname="com.xmlcalabash.testing.TestRunner" time="0.176"><system-out/><system-err/></testcase><testcase name="ab-static-option-var-021.xml" classname="com.xmlcalabash.testing.TestRunner" time="0.005"><failure/><system-out>{step _7322 com.xmlcalabash.model.xml.Variable@6629bd6b}
{step !1.1.1 com.xmlcalabash.model.xml.AtomicStep@7a797210}
{step _7322 com.xmlcalabash.model.xml.Variable@6629bd6b}
{step !1.1.1 com.xmlcalabash.model.xml.AtomicStep@7a797210}
{step _7322 com.xmlcalabash.model.xml.Variable@6629bd6b}
{step !1.1.1 com.xmlcalabash.model.xml.AtomicStep@7a797210}
{step _7322 com.xmlcalabash.model.xml.Variable@6629bd6b}
{step !1.1.1 com.xmlcalabash.model.xml.AtomicStep@7a797210}
</system-out><system-err/></testcase><testcase name="ab-static-option-var-020.xml" classname="com.xmlcalabash.testing.TestRunner" time="0.005"><failure/><system-out>{step _7433 com.xmlcalabash.model.xml.Variable@4122bf43}
{step !1.1.1 com.xmlcalabash.model.xml.AtomicStep@2f9d23f0}
{step _7433 com.xmlcalabash.model.xml.Variable@4122bf43}
{step !1.1.1 com.xmlcalabash.model.xml.AtomicStep@2f9d23f0}
{step _7433 com.xmlcalabash.model.xml.Variable@4122bf43}
{step !1.1.1 com.xmlcalabash.model.xml.AtomicStep@2f9d23f0}
{step _7433 com.xmlcalabash.model.xml.Variable@4122bf43}
{step !1.1.1 com.xmlcalabash.model.xml.AtomicStep@2f9d23f0}
</system-out><system-err/></testcase><testcase name="ab-static-option-var-034.xml" classname="com.xmlcalabash.testing.TestRunner" time="0.163"><system-out/><system-err/></testcase><testcase name="ab-with-option-005.xml" classname="com.xmlcalabash.testing.TestRunner" time="0.004"><system-out>ERROR file:///projects/xproc/test-suite/test-suite/tests/ab-with-option-005.xml err:XS0018 The option named “position” is required, but no value was provided for it.
</system-out><system-err/></testcase><testcase name="ab-static-option-var-008.xml" classname="com.xmlcalabash.testing.TestRunner" time="0.113"><failure/><system-out/><system-err/></testcase><testcase name="ab-p-document014.xml" classname="com.xmlcalabash.testing.TestRunner" time="0.169"><system-out/><system-err/></testcase><testcase name="ab-contenttypes-005.xml" classname="com.xmlcalabash.testing.TestRunner" time="0.114"><failure/><system-out/><system-err/></testcase><testcase name="ab-p-document028.xml" classname="com.xmlcalabash.testing.TestRunner" time="0.162"><failure>p:document-properties: There is no root element p:document-properties.</failure><system-out/><system-err/></testcase><testcase name="ab-with-input-064.xml" classname="com.xmlcalabash.testing.TestRunner" time="0.004"><system-out/><system-err/></testcase><testcase name="ab-with-input-058.xml" classname="com.xmlcalabash.testing.TestRunner" time="0.003"><system-out>ERROR file:///projects/xproc/test-suite/test-suite/tests/ab-with-input-058.xml err:XS0003 No connection provided for input port ‘insertion’ on step ‘!1.1’.
</system-out><system-err/></testcase><testcase name="ab-input-003.xml" classname="com.xmlcalabash.testing.TestRunner" time="0.003"><system-out>ERROR file:///projects/xproc/test-suite/test-suite/tests/ab-input-003.xml err:XS0008 Attribute not allowed here: “not-allowed-attribute”.
</system-out><system-err/></testcase><testcase name="ab-input-017.xml" classname="com.xmlcalabash.testing.TestRunner" time="0.113"><failure/><system-out/><system-err/></testcase><testcase name="ab-variable-008.xml" classname="com.xmlcalabash.testing.TestRunner" time="0.007"><system-out>ERROR file:///projects/xproc/test-suite/test-suite/tests/ab-variable-008.xml err:XS0081 If an href attribute is present, no other data bindings may be specified.
</system-out><system-err/></testcase><testcase name="ab-variable-020.xml" classname="com.xmlcalabash.testing.TestRunner" time="0.184"><system-out/><system-err/></testcase><testcase name="ab-variable-034.xml" classname="com.xmlcalabash.testing.TestRunner" time="0.169"><system-out/><system-err/></testcase><testcase name="ab-variable-022.xml" classname="com.xmlcalabash.testing.TestRunner" time="0.114"><system-out>ERROR file:///projects/xproc/test-suite/test-suite/tests/ab-variable-022.xml err:XD0008 A sequence is not allowed as the context item in expression: “count(.)” (Saxon: The context item is absent)
</system-out><system-err/></testcase><testcase name="ab-variable-036.xml" classname="com.xmlcalabash.testing.TestRunner" time="0.114"><failure/><system-out/><system-err/></testcase><testcase name="ab-input-001.xml" classname="com.xmlcalabash.testing.TestRunner" time="0.004"><system-out>ERROR file:///projects/xproc/test-suite/test-suite/tests/ab-input-001.xml err:XS0038 Required attribute “port” is missing.
</system-out><system-err/></testcase><testcase name="ab-input-015.xml" classname="com.xmlcalabash.testing.TestRunner" time="0.117"><failure/><system-out/><system-err/></testcase><testcase name="ab-input-029.xml" classname="com.xmlcalabash.testing.TestRunner" time="0.113"><failure/><system-out/><system-err/></testcase><testcase name="ab-with-input-066.xml" classname="com.xmlcalabash.testing.TestRunner" time="0.168"><system-out/><system-err/></testcase><testcase name="ab-p-document002.xml" classname="com.xmlcalabash.testing.TestRunner" time="0.781"><system-out/><system-err/></testcase><testcase name="ab-contenttypes-007.xml" classname="com.xmlcalabash.testing.TestRunner" time="0.109"><failure/><system-out/><system-err/></testcase><testcase name="ab-p-document016.xml" classname="com.xmlcalabash.testing.TestRunner" time="0.186"><system-out/><system-err/></testcase><testcase name="ab-with-option-007.xml" classname="com.xmlcalabash.testing.TestRunner" time="0.119"><failure>key not found: match</failure><system-out/><system-err/></testcase><testcase name="ab-static-option-var-022.xml" classname="com.xmlcalabash.testing.TestRunner" time="0.004"><failure/><system-out>{step !1.1.1 com.xmlcalabash.model.xml.AtomicStep@331eef08}
{step !1.1.1 com.xmlcalabash.model.xml.AtomicStep@331eef08}
{step !1.1.1 com.xmlcalabash.model.xml.AtomicStep@331eef08}
{step !1.1.1 com.xmlcalabash.model.xml.AtomicStep@331eef08}
</system-out><system-err/></testcase><testcase name="ab-static-option-var-036.xml" classname="com.xmlcalabash.testing.TestRunner" time="0.175"><system-out/><system-err/></testcase><testcase name="ab-static-option-var-037.xml" classname="com.xmlcalabash.testing.TestRunner" time="0.164"><system-out/><system-err/></testcase><testcase name="ab-static-option-var-023.xml" classname="com.xmlcalabash.testing.TestRunner" time="0.004"><failure/><system-out>{step !1.1.1 com.xmlcalabash.model.xml.AtomicStep@416141f2}
{step !1.1.1 com.xmlcalabash.model.xml.AtomicStep@416141f2}
{step !1.1.1 com.xmlcalabash.model.xml.AtomicStep@416141f2}
{step !1.1.1 com.xmlcalabash.model.xml.AtomicStep@416141f2}
</system-out><system-err/></testcase><testcase name="ab-with-option-006.xml" classname="com.xmlcalabash.testing.TestRunner" time="0.11"><failure>key not found: match</failure><system-out/><system-err/></testcase><testcase name="ab-p-document017.xml" classname="com.xmlcalabash.testing.TestRunner" time="0.159"><system-out/><system-err/></testcase><testcase name="ab-contenttypes-006.xml" classname="com.xmlcalabash.testing.TestRunner" time="0.003"><failure/><system-out>{step !1.2.1 com.xmlcalabash.model.xml.AtomicStep@94fd43c}
{step !1.2.1 com.xmlcalabash.model.xml.AtomicStep@94fd43c}
{step !1.2.1 com.xmlcalabash.model.xml.AtomicStep@94fd43c}
{step !1.2.1 com.xmlcalabash.model.xml.AtomicStep@94fd43c}
</system-out><system-err/></testcase><testcase name="ab-p-document003.xml" classname="com.xmlcalabash.testing.TestRunner" time="0.187"><system-out/><system-err/></testcase><testcase name="ab-input-028.xml" classname="com.xmlcalabash.testing.TestRunner" time="0.113"><failure/><system-out/><system-err/></testcase><testcase name="ab-input-014.xml" classname="com.xmlcalabash.testing.TestRunner" time="0.003"><system-out>ERROR file:///projects/xproc/test-suite/test-suite/tests/ab-input-014.xml err:XS0081 If an href attribute is present, no other data bindings may be specified.
</system-out><system-err/></testcase><testcase name="ab-variable-037.xml" classname="com.xmlcalabash.testing.TestRunner" time="0.18"><system-out/><system-err/></testcase><testcase name="ab-variable-023.xml" classname="com.xmlcalabash.testing.TestRunner" time="0.163"><system-out/><system-err/></testcase><testcase name="nw-err-xs0001-001.xml" classname="com.xmlcalabash.testing.TestRunner" time="0.11"><failure>key not found: result</failure><system-out/><system-err/></testcase><testcase name="ab-output-declaration-002.xml" classname="com.xmlcalabash.testing.TestRunner" time="0.005"><system-out>ERROR file:///projects/xproc/test-suite/test-suite/tests/ab-output-declaration-002.xml err:XS0077 Invalid value specified: “no”. Value must be boolean.
</system-out><system-err/></testcase><testcase name="ab-inline-003.xml" classname="com.xmlcalabash.testing.TestRunner" time="0.11"><failure/><system-out/><system-err/></testcase><testcase name="ab-option-007.xml" classname="com.xmlcalabash.testing.TestRunner" time="0.009"><system-out/><system-err/></testcase><testcase name="ab-option-013.xml" classname="com.xmlcalabash.testing.TestRunner" time="0.171"><system-out>Warning: don't know how to proxy 
</system-out><system-err/></testcase><testcase name="ab-with-input-014.xml" classname="com.xmlcalabash.testing.TestRunner" time="0.165"><system-out/><system-err/></testcase><testcase name="ab-with-input-028.xml" classname="com.xmlcalabash.testing.TestRunner" time="0.003"><failure/><system-out/><system-err/></testcase><testcase name="inline-tvt.xml" classname="com.xmlcalabash.testing.TestRunner" time="0.171"><system-out/><system-err/></testcase><testcase name="p-inline-008.xml" classname="com.xmlcalabash.testing.TestRunner" time="0.166"><failure>@attr='3 4 5': The @attr attribute is not ‘3 4 5’.</failure><system-out>Warning: don't know how to proxy 3
4
5
</system-out><system-err/></testcase><testcase name="ab-connection-020.xml" classname="com.xmlcalabash.testing.TestRunner" time="0.113"><failure>key not found: match</failure><system-out/><system-err/></testcase><testcase name="ab-connection-008.xml" classname="com.xmlcalabash.testing.TestRunner" time="0.006"><failure/><system-out>{step !1.1.1 com.xmlcalabash.model.xml.AtomicStep@6dcf475a}
{step !1.1.1 com.xmlcalabash.model.xml.AtomicStep@6dcf475a}
{step !1.1.1 com.xmlcalabash.model.xml.AtomicStep@6dcf475a}
ERROR file:///projects/xproc/test-suite/test-suite/tests/ab-connection-008.xml err:XS0032 No connection provided for primary input port ‘source’ on step ‘!1.1’ and no default readable port exists.
</system-out><system-err/></testcase><testcase name="ab-static-option-var-044.xml" classname="com.xmlcalabash.testing.TestRunner" time="0.005"><failure/><system-out>{step !1.1.1 com.xmlcalabash.model.xml.AtomicStep@543a4c5a}
{step !1.1.1 com.xmlcalabash.model.xml.AtomicStep@543a4c5a}
{step !1.1.1 com.xmlcalabash.model.xml.AtomicStep@543a4c5a}
{step !1.1.1 com.xmlcalabash.model.xml.AtomicStep@543a4c5a}
</system-out><system-err/></testcase><testcase name="ab-static-option-var-050.xml" classname="com.xmlcalabash.testing.TestRunner" time="0.005"><failure/><system-out>ERROR file:///projects/xproc/test-suite/test-suite/tests/ab-static-option-var-050.xml err:XD0026 The context item is empty in expression: “/doc/text()” (Saxon: The context item for axis step root/doc is absent)
</system-out><system-err/></testcase><testcase name="ab-err-s0098-002.xml" classname="com.xmlcalabash.testing.TestRunner" time="0.004"><failure/><system-out/><system-err/></testcase><testcase name="ab-static-option-var-051.xml" classname="com.xmlcalabash.testing.TestRunner" time="0.004"><failure/><system-out>ERROR file:///projects/xproc/test-suite/test-suite/tests/ab-static-option-var-051.xml err:XD0026 The context item is empty in expression: “/doc/@att” (Saxon: The context item for axis step root/doc is absent)
</system-out><system-err/></testcase><testcase name="ab-static-option-var-045.xml" classname="com.xmlcalabash.testing.TestRunner" time="0.004"><failure/><system-out>{step _13059 com.xmlcalabash.model.xml.Variable@75262949}
{step !1.1.1 com.xmlcalabash.model.xml.AtomicStep@472be90c}
{step _13059 com.xmlcalabash.model.xml.Variable@75262949}
{step !1.1.1 com.xmlcalabash.model.xml.AtomicStep@472be90c}
{step _13059 com.xmlcalabash.model.xml.Variable@75262949}
{step !1.1.1 com.xmlcalabash.model.xml.AtomicStep@472be90c}
{step _13059 com.xmlcalabash.model.xml.Variable@75262949}
{step !1.1.1 com.xmlcalabash.model.xml.AtomicStep@472be90c}
</system-out><system-err/></testcase><testcase name="ab-connection-009.xml" classname="com.xmlcalabash.testing.TestRunner" time="0.004"><failure/><system-out>{step !1.1.1 com.xmlcalabash.model.xml.AtomicStep@45366cdf}
{step !1.1.1 com.xmlcalabash.model.xml.AtomicStep@45366cdf}
{step !1.1.1 com.xmlcalabash.model.xml.AtomicStep@45366cdf}
{step !1.1.1 com.xmlcalabash.model.xml.AtomicStep@45366cdf}
</system-out><system-err/></testcase><testcase name="ab-connection-021.xml" classname="com.xmlcalabash.testing.TestRunner" time="0.004"><failure>Illegal character in path at index 0: {/doc/@file}</failure><system-out/><system-err/></testcase><testcase name="ab-with-input-029.xml" classname="com.xmlcalabash.testing.TestRunner" time="0.003"><failure/><system-out/><system-err/></testcase><testcase name="ab-with-input-001.xml" classname="com.xmlcalabash.testing.TestRunner" time="0.158"><system-out/><system-err/></testcase><testcase name="ab-with-input-015.xml" classname="com.xmlcalabash.testing.TestRunner" time="0.162"><system-out/><system-err/></testcase><testcase name="ab-option-012.xml" classname="com.xmlcalabash.testing.TestRunner" time="0.165"><system-out/><system-err/></testcase><testcase name="ab-inline-002.xml" classname="com.xmlcalabash.testing.TestRunner" time="0.11"><failure/><system-out/><system-err/></testcase><testcase name="ab-option-006.xml" classname="com.xmlcalabash.testing.TestRunner" time="0.111"><failure/><system-out/><system-err/></testcase><testcase name="ab-output-declaration-003.xml" classname="com.xmlcalabash.testing.TestRunner" time="0.004"><failure/><system-out>ERROR file:///projects/xproc/test-suite/test-suite/tests/ab-output-declaration-003.xml err:XS0030 Attempt to make port ‘secondary’ primary when ‘result’ is already primary.
</system-out><system-err/></testcase><testcase name="ab-output-declaration-001.xml" classname="com.xmlcalabash.testing.TestRunner" time="0.003"><system-out>ERROR file:///projects/xproc/test-suite/test-suite/tests/ab-output-declaration-001.xml err:XS0077 Invalid value specified: “no”. Value must be boolean.
</system-out><system-err/></testcase><testcase name="nw-err-xs0001-002.xml" classname="com.xmlcalabash.testing.TestRunner" time="0.004"><system-out>ERROR file:///projects/xproc/test-suite/test-suite/tests/nw-err-xs0001-002.xml err:XS0001 Pipeline contains a loop from “result” on “_14245”.
</system-out><system-err/></testcase><testcase name="ab-option-010.xml" classname="com.xmlcalabash.testing.TestRunner" time="0.116"><system-out>ERROR file:///projects/xproc/test-suite/test-suite/tests/ab-option-010.xml err:XD0036 Computed result “X” does not match specified type “xs:integer”.
</system-out><system-err/></testcase><testcase name="ab-option-004.xml" classname="com.xmlcalabash.testing.TestRunner" time="0.004"><system-out>ERROR file:///projects/xproc/test-suite/test-suite/tests/ab-option-004.xml err:XS0096 Invalid sequence type: “something”. Unknown simple type something.
</system-out><system-err/></testcase><testcase name="ab-with-input-003.xml" classname="com.xmlcalabash.testing.TestRunner" time="0.003"><failure/><system-out/><system-err/></testcase><testcase name="ab-doc-prop-008.xml" classname="com.xmlcalabash.testing.TestRunner" time="0.004"><failure/><system-out/><system-err/></testcase><testcase name="ab-with-input-017.xml" classname="com.xmlcalabash.testing.TestRunner" time="0.003"><system-out>ERROR file:///projects/xproc/test-suite/test-suite/tests/ab-with-input-017.xml err:XS0082 If a pipe attribute is present, no other data bindings may be specified.
</system-out><system-err/></testcase><testcase name="ab-connection-023.xml" classname="com.xmlcalabash.testing.TestRunner" time="0.111"><failure/><system-out>ERROR file:///projects/xproc/test-suite/test-suite/tests/ab-connection-023.xml err:XD0026 The context item is empty in expression: “xs:string(/doc/@value)” (Saxon: The context item for axis step root/doc is absent)
</system-out><system-err/></testcase><testcase name="ab-variable-018a.xml" classname="com.xmlcalabash.testing.TestRunner" time="0.115"><failure/><system-out>ERROR file:///projects/xproc/test-suite/test-suite/tests/ab-variable-018a.xml err:XD0036 Computed result “X” does not match specified type “xs:float”.
</system-out><system-err/></testcase><testcase name="ab-contenttypes-010xml.xml" classname="com.xmlcalabash.testing.TestRunner" time="0.114"><failure/><system-out/><system-err/></testcase><testcase name="ab-static-option-var-053.xml" classname="com.xmlcalabash.testing.TestRunner" time="0.003"><failure/><system-out/><system-err/></testcase><testcase name="ab-static-option-var-047.xml" classname="com.xmlcalabash.testing.TestRunner" time="0.006"><failure/><system-out>{step _15337 com.xmlcalabash.model.xml.Variable@10e4d274}
{step test1-one com.xmlcalabash.model.xml.AtomicStep@10e07aba}
{step test2-one com.xmlcalabash.model.xml.AtomicStep@8c3bf2c}
{step _15337 com.xmlcalabash.model.xml.Variable@10e4d274}
{step test1-one com.xmlcalabash.model.xml.AtomicStep@10e07aba}
{step _15337 com.xmlcalabash.model.xml.Variable@10e4d274}
{step test1-one com.xmlcalabash.model.xml.AtomicStep@10e07aba}
{step test2-one com.xmlcalabash.model.xml.AtomicStep@8c3bf2c}
{step test2-one com.xmlcalabash.model.xml.AtomicStep@8c3bf2c}
{step _15337 com.xmlcalabash.model.xml.Variable@10e4d274}
{step test1-one com.xmlcalabash.model.xml.AtomicStep@10e07aba}
</system-out><system-err/></testcase><testcase name="ab-err-s0098-001.xml" classname="com.xmlcalabash.testing.TestRunner" time="0.003"><failure/><system-out/><system-err/></testcase><testcase name="ab-static-option-var-046.xml" classname="com.xmlcalabash.testing.TestRunner" time="0.004"><failure/><system-out>{step _15567 com.xmlcalabash.model.xml.Variable@944bf7d}
{step !1.1.1 com.xmlcalabash.model.xml.AtomicStep@710853ef}
{step _15567 com.xmlcalabash.model.xml.Variable@944bf7d}
{step !1.1.1 com.xmlcalabash.model.xml.AtomicStep@710853ef}
{step _15567 com.xmlcalabash.model.xml.Variable@944bf7d}
{step !1.1.1 com.xmlcalabash.model.xml.AtomicStep@710853ef}
{step _15567 com.xmlcalabash.model.xml.Variable@944bf7d}
{step !1.1.1 com.xmlcalabash.model.xml.AtomicStep@710853ef}
</system-out><system-err/></testcase><testcase name="ab-static-option-var-052.xml" classname="com.xmlcalabash.testing.TestRunner" time="0.005"><failure/><system-out>ERROR file:///projects/xproc/test-suite/test-suite/tests/ab-static-option-var-052.xml err:XD0026 The context item is empty in expression: “/doc/@att” (Saxon: The context item for axis step root/doc is absent)
</system-out><system-err/></testcase><testcase name="ab-connection-022.xml" classname="com.xmlcalabash.testing.TestRunner" time="0.116"><failure/><system-out>ERROR file:///projects/xproc/test-suite/test-suite/tests/ab-connection-022.xml err:XD0026 The context item is empty in expression: “/doc/@file” (Saxon: The context item for axis step root/doc is absent)
</system-out><system-err/></testcase><testcase name="nw-optional-port-001.xml" classname="com.xmlcalabash.testing.TestRunner" time="0.167"><system-out/><system-err/></testcase><testcase name="ab-with-input-016.xml" classname="com.xmlcalabash.testing.TestRunner" time="0.158"><system-out/><system-err/></testcase><testcase name="ab-doc-prop-009.xml" classname="com.xmlcalabash.testing.TestRunner" time="0.003"><failure/><system-out>ERROR file:/projects/xproc/test-suite/test-suite/pipelines/ab-doc-prop-009.xpl:7:59 err:XD0026 The context item is empty in expression: “/doc/@att” (Saxon: The context item for axis step root/doc is absent)
</system-out><system-err/></testcase><testcase name="ab-with-input-002.xml" classname="com.xmlcalabash.testing.TestRunner" time="0.003"><failure/><system-out>ERROR file:///projects/xproc/test-suite/test-suite/tests/ab-with-input-002.xml err:XS0018 The option named “href” is required, but no value was provided for it.
</system-out><system-err/></testcase><testcase name="ab-option-005.xml" classname="com.xmlcalabash.testing.TestRunner" time="0.003"><system-out>ERROR file:///projects/xproc/test-suite/test-suite/tests/ab-option-005.xml err:XS0077 Invalid value specified: “no”. Value must be boolean.
</system-out><system-err/></testcase><testcase name="ab-inline-001.xml" classname="com.xmlcalabash.testing.TestRunner" time="0.11"><system-out>ERROR file:///projects/xproc/test-suite/test-suite/tests/ab-inline-001.xml err:XS0069 The encoding “not-supported” is not supported.
</system-out><system-err/></testcase><testcase name="ab-option-011.xml" classname="com.xmlcalabash.testing.TestRunner" time="0.117"><failure/><system-out>ERROR file:///projects/xproc/test-suite/test-suite/tests/ab-option-011.xml err:XD0036 Computed result “1” does not match specified type “xs:float”.
</system-out><system-err/></testcase><testcase name="nw-err-xs0001-003.xml" classname="com.xmlcalabash.testing.TestRunner" time="0.004"><failure/><system-out>ERROR file:///projects/xproc/test-suite/test-suite/tests/nw-err-xs0001-003.xml err:XS0032 No connection provided for primary input port ‘source’ on step ‘step’ and no default readable port exists.
</system-out><system-err/></testcase><testcase name="ab-variable-022a.xml" classname="com.xmlcalabash.testing.TestRunner" time="0.171"><system-out/><system-err/></testcase><testcase name="with-input-select-004.xml" classname="com.xmlcalabash.testing.TestRunner" time="0.164"><system-out/><system-err/></testcase><testcase name="ab-variable-042.xml" classname="com.xmlcalabash.testing.TestRunner" time="0.151"><system-out/><system-err/></testcase><testcase name="ab-option-015.xml" classname="com.xmlcalabash.testing.TestRunner" time="0.166"><system-out>Warning: don't know how to proxy 
</system-out><system-err/></testcase><testcase name="ab-inline-011.xml" classname="com.xmlcalabash.testing.TestRunner" time="0.112"><failure>net.sf.saxon.s9api.XdmMap cannot be cast to net.sf.saxon.s9api.XdmNode</failure><system-out>[INFO] [10/21/2018 19:34:19.053] [jafpl-com-812-akka.actor.default-dispatcher-5] [akka://jafpl-com-812/user/____809] Message [com.jafpl.runtime.NodeActor$NClose] from Actor[akka://jafpl-com-812/user/monitor#-1210877618] to Actor[akka://jafpl-com-812/user/____809#41085328] was not delivered. [1] dead letters encountered. If this is not an expected behavior, then [Actor[akka://jafpl-com-812/user/____809#41085328]] may have terminated unexpectedly, This logging can be turned off or adjusted with configuration settings 'akka.log-dead-letters' and 'akka.log-dead-letters-during-shutdown'.
[INFO] [10/21/2018 19:34:19.053] [jafpl-com-812-akka.actor.default-dispatcher-5] [akka://jafpl-com-812/user/____808] Message [com.jafpl.runtime.NodeActor$NContainerFinished] from Actor[akka://jafpl-com-812/user/monitor#-1210877618] to Actor[akka://jafpl-com-812/user/____808#292528247] was not delivered. [2] dead letters encountered. If this is not an expected behavior, then [Actor[akka://jafpl-com-812/user/____808#292528247]] may have terminated unexpectedly, This logging can be turned off or adjusted with configuration settings 'akka.log-dead-letters' and 'akka.log-dead-letters-during-shutdown'.
[INFO] [10/21/2018 19:34:19.053] [jafpl-com-812-akka.actor.default-dispatcher-9] [akka://jafpl-com-812/user/____808] Message [com.jafpl.runtime.NodeActor$NException] from Actor[akka://jafpl-com-812/user/monitor#-1210877618] to Actor[akka://jafpl-com-812/user/____808#292528247] was not delivered. [3] dead letters encountered. If this is not an expected behavior, then [Actor[akka://jafpl-com-812/user/____808#292528247]] may have terminated unexpectedly, This logging can be turned off or adjusted with configuration settings 'akka.log-dead-letters' and 'akka.log-dead-letters-during-shutdown'.
</system-out><system-err/></testcase><testcase name="ab-inline-005.xml" classname="com.xmlcalabash.testing.TestRunner" time="0.144"><system-out/><system-err/></testcase><testcase name="ab-option-001.xml" classname="com.xmlcalabash.testing.TestRunner" time="0.003"><system-out/><system-err/></testcase><testcase name="ab-output-declaration-004.xml" classname="com.xmlcalabash.testing.TestRunner" time="0.002"><system-out>ERROR file:///projects/xproc/test-suite/test-suite/tests/ab-output-declaration-004.xml err:XS0011 Duplicate port name: ‘result’
</system-out><system-err/></testcase><testcase name="ab-option-029.xml" classname="com.xmlcalabash.testing.TestRunner" time="0.108"><system-out>ERROR file:///projects/xproc/test-suite/test-suite/tests/ab-option-029.xml err:XD0036 Computed result “” does not match specified type “xs:boolean”.
</system-out><system-err/></testcase><testcase name="nw-err-xs0001-007.xml" classname="com.xmlcalabash.testing.TestRunner" time="0.005"><failure>None.get</failure><system-out/><system-err/></testcase><testcase name="ab-with-input-006.xml" classname="com.xmlcalabash.testing.TestRunner" time="0.005"><failure/><system-out>ERROR file:///projects/xproc/test-suite/test-suite/tests/ab-with-input-006.xml err:XS0082 If a pipe attribute is present, no other data bindings may be specified.
</system-out><system-err/></testcase><testcase name="ab-with-input-012.xml" classname="com.xmlcalabash.testing.TestRunner" time="0.152"><system-out/><system-err/></testcase><testcase name="ab-static-option-var-056.xml" classname="com.xmlcalabash.testing.TestRunner" time="0.004"><failure/><system-out>ERROR file:///projects/xproc/test-suite/test-suite/tests/ab-static-option-var-056.xml err:XD0026 The context item is empty in expression: “.” (Saxon: The context item is absent)
</system-out><system-err/></testcase><testcase name="ab-static-option-var-042.xml" classname="com.xmlcalabash.testing.TestRunner" time="0.111"><failure/><system-out/><system-err/></testcase><testcase name="ab-static-option-var-043.xml" classname="com.xmlcalabash.testing.TestRunner" time="0.116"><failure/><system-out/><system-err/></testcase><testcase name="ab-static-option-var-057.xml" classname="com.xmlcalabash.testing.TestRunner" time="0.005"><failure/><system-out>ERROR file:///projects/xproc/test-suite/test-suite/tests/ab-static-option-var-057.xml err:XD0026 The context item is empty in expression: “.” (Saxon: The context item is absent)
</system-out><system-err/></testcase><testcase name="try-catch-008.xml" classname="com.xmlcalabash.testing.TestRunner" time="0.21"><system-out/><system-err/></testcase><testcase name="ab-with-input-013.xml" classname="com.xmlcalabash.testing.TestRunner" time="0.159"><system-out/><system-err/></testcase><testcase name="ab-with-input-007.xml" classname="com.xmlcalabash.testing.TestRunner" time="0.003"><system-out>ERROR file:///projects/xproc/test-suite/test-suite/tests/ab-with-input-007.xml err:XS0081 If an href attribute is present, no other data bindings may be specified.
</system-out><system-err/></testcase><testcase name="ab-with-input-053h.xml" classname="com.xmlcalabash.testing.TestRunner" time="0.003"><failure/><system-out>error:file:///projects/xproc/test-suite/test-suite/tests/ab-with-input-053h.xml:???
ERROR file:///projects/xproc/test-suite/test-suite/tests/ab-with-input-053h.xml err:XS0999 Text not allowed here. Found “text”.
</system-out><system-err/></testcase><testcase name="nw-err-xs0001-006.xml" classname="com.xmlcalabash.testing.TestRunner" time="0.003"><failure/><system-out>error:file:///projects/xproc/test-suite/test-suite/tests/nw-err-xs0001-006.xml:???
ERROR file:///projects/xproc/test-suite/test-suite/tests/nw-err-xs0001-006.xml err:XS0044 The element named “p:viewport” is not allowed: element is not allowed here.
</system-out><system-err/></testcase><testcase name="ab-inline-004.xml" classname="com.xmlcalabash.testing.TestRunner" time="0.186"><system-out/><system-err/></testcase><testcase name="ab-option-014.xml" classname="com.xmlcalabash.testing.TestRunner" time="0.148"><system-out>Warning: don't know how to proxy 
Warning: don't know how to proxy 
</system-out><system-err/></testcase><testcase name="ab-inline-010.xml" classname="com.xmlcalabash.testing.TestRunner" time="0.11"><failure>net.sf.saxon.s9api.XdmMap cannot be cast to net.sf.saxon.s9api.XdmNode</failure><system-out>[INFO] [10/21/2018 19:34:20.544] [jafpl-com-932-akka.actor.default-dispatcher-4] [akka://jafpl-com-932/user/____929] Message [com.jafpl.runtime.NodeActor$NClose] from Actor[akka://jafpl-com-932/user/monitor#-810033062] to Actor[akka://jafpl-com-932/user/____929#840364332] was not delivered. [1] dead letters encountered. If this is not an expected behavior, then [Actor[akka://jafpl-com-932/user/____929#840364332]] may have terminated unexpectedly, This logging can be turned off or adjusted with configuration settings 'akka.log-dead-letters' and 'akka.log-dead-letters-during-shutdown'.
[INFO] [10/21/2018 19:34:20.544] [jafpl-com-932-akka.actor.default-dispatcher-4] [akka://jafpl-com-932/user/____928] Message [com.jafpl.runtime.NodeActor$NContainerFinished] from Actor[akka://jafpl-com-932/user/monitor#-810033062] to Actor[akka://jafpl-com-932/user/____928#-1858524589] was not delivered. [2] dead letters encountered. If this is not an expected behavior, then [Actor[akka://jafpl-com-932/user/____928#-1858524589]] may have terminated unexpectedly, This logging can be turned off or adjusted with configuration settings 'akka.log-dead-letters' and 'akka.log-dead-letters-during-shutdown'.
[INFO] [10/21/2018 19:34:20.544] [jafpl-com-932-akka.actor.default-dispatcher-10] [akka://jafpl-com-932/user/____928] Message [com.jafpl.runtime.NodeActor$NException] from Actor[akka://jafpl-com-932/user/monitor#-810033062] to Actor[akka://jafpl-com-932/user/____928#-1858524589] was not delivered. [3] dead letters encountered. If this is not an expected behavior, then [Actor[akka://jafpl-com-932/user/____928#-1858524589]] may have terminated unexpectedly, This logging can be turned off or adjusted with configuration settings 'akka.log-dead-letters' and 'akka.log-dead-letters-during-shutdown'.
</system-out><system-err/></testcase><testcase name="with-input-select-001.xml" classname="com.xmlcalabash.testing.TestRunner" time="0.162"><system-out/><system-err/></testcase><testcase name="ab-variable-041.xml" classname="com.xmlcalabash.testing.TestRunner" time="0.162"><system-out/><system-err/></testcase><testcase name="with-input-select-003.xml" classname="com.xmlcalabash.testing.TestRunner" time="0.15"><system-out/><system-err/></testcase><testcase name="ab-option-002.xml" classname="com.xmlcalabash.testing.TestRunner" time="0.109"><failure/><system-out/><system-err/></testcase><testcase name="ab-inline-006.xml" classname="com.xmlcalabash.testing.TestRunner" time="0.155"><system-out/><system-err/></testcase><testcase name="ab-inline-012.xml" classname="com.xmlcalabash.testing.TestRunner" time="0.111"><system-out>ERROR file:///projects/xproc/test-suite/test-suite/tests/ab-inline-012.xml err:XD0057 Invalid JSON: “{"key":” (Invalid JSON input: Unexpected symbol: key).
</system-out><system-err/></testcase><testcase name="ab-option-016.xml" classname="com.xmlcalabash.testing.TestRunner" time="0.161"><system-out/><system-err/></testcase><testcase name="nw-err-xs0001-004.xml" classname="com.xmlcalabash.testing.TestRunner" time="0.003"><failure/><system-out>error:file:///projects/xproc/test-suite/test-suite/tests/nw-err-xs0001-004.xml:???
ERROR file:///projects/xproc/test-suite/test-suite/tests/nw-err-xs0001-004.xml err:XS0044 The element named “p:with-param” is not allowed: element is not allowed here.
</system-out><system-err/></testcase><testcase name="nw-err-xs0001-010.xml" classname="com.xmlcalabash.testing.TestRunner" time="0.004"><failure/><system-out>error:file:///projects/xproc/test-suite/test-suite/tests/nw-err-xs0001-010.xml:???
ERROR file:///projects/xproc/test-suite/test-suite/tests/nw-err-xs0001-010.xml err:XS0044 The element named “p:xpath-context” is not allowed: element is not allowed here.
</system-out><system-err/></testcase><testcase name="ab-with-input-039.xml" classname="com.xmlcalabash.testing.TestRunner" time="0.003"><system-out>ERROR file:///projects/xproc/test-suite/test-suite/tests/ab-with-input-039.xml err:XS0044 The element named “p:namespaces” is not allowed: cannot mix implicit inlines with elements in the XProc namespace.
</system-out><system-err/></testcase><testcase name="ab-with-input-011.xml" classname="com.xmlcalabash.testing.TestRunner" time="0.003"><system-out>ERROR file:///projects/xproc/test-suite/test-suite/tests/ab-with-input-011.xml err:XS0081 If an href attribute is present, no other data bindings may be specified.
</system-out><system-err/></testcase><testcase name="ab-with-input-005.xml" classname="com.xmlcalabash.testing.TestRunner" time="0.172"><system-out/><system-err/></testcase><testcase name="ab-connection-019.xml" classname="com.xmlcalabash.testing.TestRunner" time="0.119"><failure>key not found: match</failure><system-out/><system-err/></testcase><testcase name="ab-static-option-var-041.xml" classname="com.xmlcalabash.testing.TestRunner" time="0.113"><failure/><system-out/><system-err/></testcase><testcase name="ab-static-option-var-055.xml" classname="com.xmlcalabash.testing.TestRunner" time="0.005"><failure/><system-out>ERROR file:///projects/xproc/test-suite/test-suite/tests/ab-static-option-var-055.xml err:XD0026 The context item is empty in expression: “.” (Saxon: The context item is absent)
</system-out><system-err/></testcase><testcase name="ab-static-option-var-054.xml" classname="com.xmlcalabash.testing.TestRunner" time="0.004"><failure/><system-out/><system-err/></testcase><testcase name="ab-static-option-var-040.xml" classname="com.xmlcalabash.testing.TestRunner" time="0.006"><failure/><system-out>{step !1.1.1 com.xmlcalabash.model.xml.AtomicStep@7d9242aa}
{step !1.1.1 com.xmlcalabash.model.xml.AtomicStep@7d9242aa}
{step !1.1.1 com.xmlcalabash.model.xml.AtomicStep@7d9242aa}
{step !1.1.1 com.xmlcalabash.model.xml.AtomicStep@7d9242aa}
</system-out><system-err/></testcase><testcase name="ab-connection-024.xml" classname="com.xmlcalabash.testing.TestRunner" time="0.115"><failure/><system-out>ERROR file:///projects/xproc/test-suite/test-suite/tests/ab-connection-024.xml err:XD0026 The context item is empty in expression: “xs:string(/doc/@value)” (Saxon: The context item for axis step root/doc is absent)
</system-out><system-err/></testcase><testcase name="ab-connection-018.xml" classname="com.xmlcalabash.testing.TestRunner" time="0.003"><failure/><system-out>{step !1.1.1 com.xmlcalabash.model.xml.AtomicStep@a44bc12}
{step !1.1.1 com.xmlcalabash.model.xml.AtomicStep@a44bc12}
{step !1.1.1 com.xmlcalabash.model.xml.AtomicStep@a44bc12}
{step !1.1.1 com.xmlcalabash.model.xml.AtomicStep@a44bc12}
</system-out><system-err/></testcase><testcase name="ab-with-input-004.xml" classname="com.xmlcalabash.testing.TestRunner" time="0.174"><system-out/><system-err/></testcase><testcase name="ab-with-input-010.xml" classname="com.xmlcalabash.testing.TestRunner" time="0.004"><system-out>ERROR file:///projects/xproc/test-suite/test-suite/tests/ab-with-input-010.xml err:XS0081 If an href attribute is present, no other data bindings may be specified.
</system-out><system-err/></testcase><testcase name="ab-with-input-038.xml" classname="com.xmlcalabash.testing.TestRunner" time="0.004"><system-out>ERROR file:///projects/xproc/test-suite/test-suite/tests/ab-with-input-038.xml err:XS0089 [No explanatory message for err:XS0089]
</system-out><system-err/></testcase><testcase name="nw-err-xs0001-005.xml" classname="com.xmlcalabash.testing.TestRunner" time="0.004"><failure/><system-out>error:file:///projects/xproc/test-suite/test-suite/tests/nw-err-xs0001-005.xml:???
ERROR file:///projects/xproc/test-suite/test-suite/tests/nw-err-xs0001-005.xml err:XS0044 The element named “p:viewport” is not allowed: element is not allowed here.
</system-out><system-err/></testcase><testcase name="ab-option-017.xml" classname="com.xmlcalabash.testing.TestRunner" time="0.162"><system-out/><system-err/></testcase><testcase name="ab-option-003.xml" classname="com.xmlcalabash.testing.TestRunner" time="0.003"><failure/><system-out>ERROR file:///projects/xproc/test-suite/test-suite/tests/ab-option-003.xml err:XD0015 There is no in-scope namespace for the QName “x:option”.
</system-out><system-err/></testcase><testcase name="ab-inline-007.xml" classname="com.xmlcalabash.testing.TestRunner" time="0.107"><failure>notsupported</failure><system-out/><system-err/></testcase><testcase name="with-input-select-002.xml" classname="com.xmlcalabash.testing.TestRunner" time="0.17"><system-out/><system-err/></testcase><testcase name="ab-variable-040.xml" classname="com.xmlcalabash.testing.TestRunner" time="0.173"><system-out/><system-err/></testcase><testcase name="nw-collection-002.xml" classname="com.xmlcalabash.testing.TestRunner" time="0.108"><system-out>ERROR file:///projects/xproc/test-suite/test-suite/tests/nw-collection-002.xml err:XD0008 A sequence is not allowed as the context item in expression: “count(.)” (Saxon: The context item is absent)
</system-out><system-err/></testcase><testcase name="ab-option-026.xml" classname="com.xmlcalabash.testing.TestRunner" time="0.11"><failure>Cannot find a 0-argument function named {http://www.w3.org/2005/xpath-functions}known-xpath-function()</failure><system-out/><system-err/></testcase><testcase name="ab-option-032.xml" classname="com.xmlcalabash.testing.TestRunner" time="0.005"><failure/><system-out/><system-err/></testcase><testcase name="nw-err-xs0001-008.xml" classname="com.xmlcalabash.testing.TestRunner" time="0.004"><failure>None.get</failure><system-out/><system-err/></testcase><testcase name="ab-with-input-053f.xml" classname="com.xmlcalabash.testing.TestRunner" time="0.003"><failure/><system-out>error:file:///projects/xproc/test-suite/test-suite/tests/ab-with-input-053f.xml:???
ERROR file:///projects/xproc/test-suite/test-suite/tests/ab-with-input-053f.xml err:XS0999 Text not allowed here. Found “text”.
</system-out><system-err/></testcase><testcase name="ab-with-input-035.xml" classname="com.xmlcalabash.testing.TestRunner" time="0.003"><system-out>ERROR file:///projects/xproc/test-suite/test-suite/tests/ab-with-input-035.xml err:XS0089 [No explanatory message for err:XS0089]
</system-out><system-err/></testcase><testcase name="ab-with-input-021.xml" classname="com.xmlcalabash.testing.TestRunner" time="0.004"><system-out>ERROR file:///projects/xproc/test-suite/test-suite/tests/ab-with-input-021.xml err:XS0082 If a pipe attribute is present, no other data bindings may be specified.
</system-out><system-err/></testcase><testcase name="ab-with-input-009.xml" classname="com.xmlcalabash.testing.TestRunner" time="0.003"><system-out>ERROR file:///projects/xproc/test-suite/test-suite/tests/ab-with-input-009.xml err:XS0081 If an href attribute is present, no other data bindings may be specified.
</system-out><system-err/></testcase><testcase name="ab-doc-prop-002.xml" classname="com.xmlcalabash.testing.TestRunner" time="0.111"><failure/><system-out/><system-err/></testcase><testcase name="ab-document-properties-doc002.xml" classname="com.xmlcalabash.testing.TestRunner" time="0.17"><failure>p:document-properties: The document root is not document-properties.</failure><system-out/><system-err/></testcase><testcase name="p-inline-001.xml" classname="com.xmlcalabash.testing.TestRunner" time="0.157"><failure>p:document-properties: 
            The result does not include p:document-properties
          </failure><system-out/><system-err/></testcase><testcase name="ab-connection-001.xml" classname="com.xmlcalabash.testing.TestRunner" time="0.164"><system-out/><system-err/></testcase><testcase name="ab-connection-015.xml" classname="com.xmlcalabash.testing.TestRunner" time="0.003"><failure/><system-out>{step !1.1.1 com.xmlcalabash.model.xml.AtomicStep@7e81e0e6}
{step !1.1.1 com.xmlcalabash.model.xml.AtomicStep@7e81e0e6}
{step !1.1.1 com.xmlcalabash.model.xml.AtomicStep@7e81e0e6}
ERROR file:///projects/xproc/test-suite/test-suite/tests/ab-connection-015.xml err:XS0032 No connection provided for primary input port ‘source’ on step ‘!1.1’ and no default readable port exists.
</system-out><system-err/></testcase><testcase name="choose-001.xml" classname="com.xmlcalabash.testing.TestRunner" time="0.158"><system-out/><system-err/></testcase><testcase name="try-catch-006.xml" classname="com.xmlcalabash.testing.TestRunner" time="0.156"><system-out/><system-err/></testcase><testcase name="doc-prop-001.xml" classname="com.xmlcalabash.testing.TestRunner" time="0.106"><failure/><system-out/><system-err/></testcase><testcase name="ab-static-option-var-058.xml" classname="com.xmlcalabash.testing.TestRunner" time="0.004"><failure/><system-out>ERROR file:///projects/xproc/test-suite/test-suite/tests/ab-static-option-var-058.xml err:XD0026 The context item is empty in expression: “.” (Saxon: The context item is absent)
</system-out><system-err/></testcase><testcase name="try-catch-007.xml" classname="com.xmlcalabash.testing.TestRunner" time="0.161"><system-out/><system-err/></testcase><testcase name="ab-connection-014.xml" classname="com.xmlcalabash.testing.TestRunner" time="0.005"><failure/><system-out>{step !1.2.1 com.xmlcalabash.model.xml.AtomicStep@4c74a7ce}
{step !1.2.1 com.xmlcalabash.model.xml.AtomicStep@4c74a7ce}
{step !1.2.1 com.xmlcalabash.model.xml.AtomicStep@4c74a7ce}
ERROR file:///projects/xproc/test-suite/test-suite/tests/ab-connection-014.xml err:XS0032 No connection provided for primary input port ‘source’ on step ‘!1.1’ and no default readable port exists.
</system-out><system-err/></testcase><testcase name="ab-document-properties-doc003.xml" classname="com.xmlcalabash.testing.TestRunner" time="0.155"><failure>/result/p:document-properties: The root has no child document-properties.</failure><system-out/><system-err/></testcase><testcase name="parameters-001.xml" classname="com.xmlcalabash.testing.TestRunner" time="0.17"><system-out/><system-err/></testcase><testcase name="ab-doc-prop-003.xml" classname="com.xmlcalabash.testing.TestRunner" time="0.112"><failure/><system-out/><system-err/></testcase><testcase name="ab-with-input-008.xml" classname="com.xmlcalabash.testing.TestRunner" time="0.003"><system-out>ERROR file:///projects/xproc/test-suite/test-suite/tests/ab-with-input-008.xml err:XS0081 If an href attribute is present, no other data bindings may be specified.
</system-out><system-err/></testcase><testcase name="ab-with-input-020.xml" classname="com.xmlcalabash.testing.TestRunner" time="0.002"><system-out>ERROR file:///projects/xproc/test-suite/test-suite/tests/ab-with-input-020.xml err:XS0082 If a pipe attribute is present, no other data bindings may be specified.
</system-out><system-err/></testcase><testcase name="ab-with-input-034.xml" classname="com.xmlcalabash.testing.TestRunner" time="0.163"><system-out/><system-err/></testcase><testcase name="ab-with-input-053g.xml" classname="com.xmlcalabash.testing.TestRunner" time="0.003"><failure/><system-out>error:file:///projects/xproc/test-suite/test-suite/tests/ab-with-input-053g.xml:???
ERROR file:///projects/xproc/test-suite/test-suite/tests/ab-with-input-053g.xml err:XS0999 Text not allowed here. Found “text”.
</system-out><system-err/></testcase><testcase name="nw-err-xs0001-009.xml" classname="com.xmlcalabash.testing.TestRunner" time="0.004"><failure/><system-out>error:file:///projects/xproc/test-suite/test-suite/tests/nw-err-xs0001-009.xml:???
ERROR file:///projects/xproc/test-suite/test-suite/tests/nw-err-xs0001-009.xml err:XS0044 The element named “p:xpath-context” is not allowed: element is not allowed here.
</system-out><system-err/></testcase><testcase name="ab-option-033.xml" classname="com.xmlcalabash.testing.TestRunner" time="0.004"><system-out>ERROR file:///projects/xproc/test-suite/test-suite/tests/ab-option-033.xml err:XS0077 Invalid value specified: “nope”. Value must be boolean.
</system-out><system-err/></testcase><testcase name="ab-option-027.xml" classname="com.xmlcalabash.testing.TestRunner" time="0.115"><failure/><system-out/><system-err/></testcase><testcase name="nw-collection-003.xml" classname="com.xmlcalabash.testing.TestRunner" time="0.114"><failure/><system-out/><system-err/></testcase><testcase name="nw-collection-001.xml" classname="com.xmlcalabash.testing.TestRunner" time="0.168"><system-out/><system-err/></testcase><testcase name="ab-inline-009.xml" classname="com.xmlcalabash.testing.TestRunner" time="0.161"><system-out/><system-err/></testcase><testcase name="ab-option-019.xml" classname="com.xmlcalabash.testing.TestRunner" time="0.11"><system-out>ERROR file:///projects/xproc/test-suite/test-suite/tests/ab-option-019.xml err:XD0036 Computed result “5” does not match specified type “xs:boolean”.
</system-out><system-err/></testcase><testcase name="ab-option-031.xml" classname="com.xmlcalabash.testing.TestRunner" time="0.003"><failure/><system-out/><system-err/></testcase><testcase name="ab-option-025.xml" classname="com.xmlcalabash.testing.TestRunner" time="0.003"><system-out>ERROR file:///projects/xproc/test-suite/test-suite/tests/ab-option-025.xml err:XS0096 Invalid sequence type: “something”. Unknown simple type something.
</system-out><system-err/></testcase><testcase name="ab-with-input-022.xml" classname="com.xmlcalabash.testing.TestRunner" time="0.162"><system-out/><system-err/></testcase><testcase name="ab-with-input-053e.xml" classname="com.xmlcalabash.testing.TestRunner" time="0.112"><failure/><system-out/><system-err/></testcase><testcase name="ab-with-input-036.xml" classname="com.xmlcalabash.testing.TestRunner" time="0.003"><system-out>ERROR file:///projects/xproc/test-suite/test-suite/tests/ab-with-input-036.xml err:XS0089 [No explanatory message for err:XS0089]
</system-out><system-err/></testcase><testcase name="ab-doc-prop-001.xml" classname="com.xmlcalabash.testing.TestRunner" time="0.107"><failure/><system-out/><system-err/></testcase><testcase name="default-p-input.xml" classname="com.xmlcalabash.testing.TestRunner" time="0.145"><system-out/><system-err/></testcase><testcase name="p-inline-002.xml" classname="com.xmlcalabash.testing.TestRunner" time="0.154"><failure>p:document-properties: 
            The result does not include p:document-properties
          </failure><system-out/><system-err/></testcase><testcase name="ab-document-properties-doc001.xml" classname="com.xmlcalabash.testing.TestRunner" time="0.141"><failure>p:document-properties: The document root is not document-properties.</failure><system-out/><system-err/></testcase><testcase name="parameters-003.xml" classname="com.xmlcalabash.testing.TestRunner" time="0.153"><system-out/><system-err/></testcase><testcase name="ab-connection-016.xml" classname="com.xmlcalabash.testing.TestRunner" time="0.003"><failure/><system-out>{step !1.1.1 com.xmlcalabash.model.xml.AtomicStep@2f7606e0}
{step !1.1.1 com.xmlcalabash.model.xml.AtomicStep@2f7606e0}
{step !1.1.1 com.xmlcalabash.model.xml.AtomicStep@2f7606e0}
ERROR file:///projects/xproc/test-suite/test-suite/tests/ab-connection-016.xml err:XS0032 No connection provided for primary input port ‘source’ on step ‘!1.1’ and no default readable port exists.
</system-out><system-err/></testcase><testcase name="simple.xml" classname="com.xmlcalabash.testing.TestRunner" time="0.146"><system-out/><system-err/></testcase><testcase name="choose-002.xml" classname="com.xmlcalabash.testing.TestRunner" time="0.158"><system-out/><system-err/></testcase><testcase name="ab-connection-002.xml" classname="com.xmlcalabash.testing.TestRunner" time="0.152"><system-out/><system-err/></testcase><testcase name="try-catch-005.xml" classname="com.xmlcalabash.testing.TestRunner" time="0.155"><system-out/><system-err/></testcase><testcase name="doc-prop-003.xml" classname="com.xmlcalabash.testing.TestRunner" time="0.149"><system-out/><system-err/></testcase><testcase name="doc-prop-002.xml" classname="com.xmlcalabash.testing.TestRunner" time="0.11"><failure/><system-out/><system-err/></testcase><testcase name="try-catch-004.xml" classname="com.xmlcalabash.testing.TestRunner" time="0.144"><system-out/><system-err/></testcase><testcase name="ab-connection-003.xml" classname="com.xmlcalabash.testing.TestRunner" time="0.111"><system-out>[INFO] [10/21/2018 19:34:27.791] [jafpl-com-1566-akka.actor.default-dispatcher-10] [akka://jafpl-com-1566/user/___1560] Message [com.jafpl.runtime.NodeActor$NContainerFinished] from Actor[akka://jafpl-com-1566/user/monitor#-253025601] to Actor[akka://jafpl-com-1566/user/___1560#930372060] was not delivered. [1] dead letters encountered. If this is not an expected behavior, then [Actor[akka://jafpl-com-1566/user/___1560#930372060]] may have terminated unexpectedly, This logging can be turned off or adjusted with configuration settings 'akka.log-dead-letters' and 'akka.log-dead-letters-during-shutdown'.
</system-out><system-err/></testcase><testcase name="choose-003.xml" classname="com.xmlcalabash.testing.TestRunner" time="0.153"><system-out/><system-err/></testcase><testcase name="ab-connection-017.xml" classname="com.xmlcalabash.testing.TestRunner" time="0.004"><failure/><system-out>{step !1.1.1 com.xmlcalabash.model.xml.AtomicStep@152efdae}
{step !1.1.1 com.xmlcalabash.model.xml.AtomicStep@152efdae}
{step !1.1.1 com.xmlcalabash.model.xml.AtomicStep@152efdae}
{step !1.1.1 com.xmlcalabash.model.xml.AtomicStep@152efdae}
</system-out><system-err/></testcase><testcase name="parameters-002.xml" classname="com.xmlcalabash.testing.TestRunner" time="0.158"><system-out/><system-err/></testcase><testcase name="p-inline-003.xml" classname="com.xmlcalabash.testing.TestRunner" time="0.127"><failure>java.io.FileInputStream cannot be cast to [B</failure><system-out/><system-err/></testcase><testcase name="ab-with-input-037.xml" classname="com.xmlcalabash.testing.TestRunner" time="0.005"><system-out>ERROR file:///projects/xproc/test-suite/test-suite/tests/ab-with-input-037.xml err:XS0089 [No explanatory message for err:XS0089]
</system-out><system-err/></testcase><testcase name="ab-with-input-053d.xml" classname="com.xmlcalabash.testing.TestRunner" time="0.109"><failure/><system-out/><system-err/></testcase><testcase name="ab-with-input-023.xml" classname="com.xmlcalabash.testing.TestRunner" time="0.154"><system-out/><system-err/></testcase><testcase name="ab-option-024.xml" classname="com.xmlcalabash.testing.TestRunner" time="0.108"><failure/><system-out/><system-err/></testcase><testcase name="ab-option-030.xml" classname="com.xmlcalabash.testing.TestRunner" time="0.004"><failure/><system-out>ERROR file:///projects/xproc/test-suite/test-suite/tests/ab-option-030.xml err:XS0093 [No explanatory message for err:XS0093]
</system-out><system-err/></testcase><testcase name="ab-option-018.xml" classname="com.xmlcalabash.testing.TestRunner" time="0.109"><system-out>ERROR file:///projects/xproc/test-suite/test-suite/tests/ab-option-018.xml err:XD0036 Computed result “default value” does not match specified type “xs:boolean”.
</system-out><system-err/></testcase><testcase name="ab-inline-008.xml" classname="com.xmlcalabash.testing.TestRunner" time="0.166"><system-out/><system-err/></testcase><testcase name="ab-option-034.xml" classname="com.xmlcalabash.testing.TestRunner" time="0.153"><system-out/><system-err/></testcase><testcase name="ab-option-020.xml" classname="com.xmlcalabash.testing.TestRunner" time="0.107"><failure/><system-out>ERROR file:///projects/xproc/test-suite/test-suite/tests/ab-option-020.xml err:XD0036 Computed result “false” does not match specified type “xs:boolean”.
</system-out><system-err/></testcase><testcase name="ab-option-008.xml" classname="com.xmlcalabash.testing.TestRunner" time="0.144"><system-out/><system-err/></testcase><testcase name="inline-avt.xml" classname="com.xmlcalabash.testing.TestRunner" time="0.156"><system-out/><system-err/></testcase><testcase name="ab-doc-prop-004.xml" classname="com.xmlcalabash.testing.TestRunner" time="0.111"><failure/><system-out/><system-err/></testcase><testcase name="ab-doc-prop-010.xml" classname="com.xmlcalabash.testing.TestRunner" time="0.003"><failure/><system-out>ERROR file:/projects/xproc/test-suite/test-suite/pipelines/ab-doc-prop-010.xpl:7:59 err:XD0026 The context item is empty in expression: “/doc/@att” (Saxon: The context item for axis step root/doc is absent)
</system-out><system-err/></testcase><testcase name="ab-with-input-033.xml" classname="com.xmlcalabash.testing.TestRunner" time="0.16"><system-out/><system-err/></testcase><testcase name="ab-document-properties-doc004.xml" classname="com.xmlcalabash.testing.TestRunner" time="0.15"><failure>/result/p:document-properties: The root has no child document-properties.</failure><system-out/><system-err/></testcase><testcase name="p-inline-007.xml" classname="com.xmlcalabash.testing.TestRunner" time="0.155"><system-out/><system-err/></testcase><testcase name="p-count-002.xml" classname="com.xmlcalabash.testing.TestRunner" time="0.151"><system-out/><system-err/></testcase><testcase name="nw-dup-input-port-003.xml" classname="com.xmlcalabash.testing.TestRunner" time="0.003"><system-out/><system-err/></testcase><testcase name="ab-connection-013.xml" classname="com.xmlcalabash.testing.TestRunner" time="0.003"><failure/><system-out>{step !1.1.1 com.xmlcalabash.model.xml.AtomicStep@5549dd13}
{step !1.1.1 com.xmlcalabash.model.xml.AtomicStep@5549dd13}
{step !1.1.1 com.xmlcalabash.model.xml.AtomicStep@5549dd13}
{step !1.1.1 com.xmlcalabash.model.xml.AtomicStep@5549dd13}
</system-out><system-err/></testcase><testcase name="ab-connection-007.xml" classname="com.xmlcalabash.testing.TestRunner" time="0.159"><system-out/><system-err/></testcase><testcase name="err-xd0036-001.xml" classname="com.xmlcalabash.testing.TestRunner" time="0.11"><system-out>ERROR file:///projects/xproc/test-suite/test-suite/tests/err-xd0036-001.xml err:XD0036 Computed result “hello world” does not match specified type “xs:QName”.
</system-out><system-err/></testcase><testcase name="ab-connection-006.xml" classname="com.xmlcalabash.testing.TestRunner" time="0.15"><system-out/><system-err/></testcase><testcase name="ab-connection-012.xml" classname="com.xmlcalabash.testing.TestRunner" time="0.003"><failure/><system-out>{step !1.2.1 com.xmlcalabash.model.xml.AtomicStep@7c01b117}
{step !1.2.1 com.xmlcalabash.model.xml.AtomicStep@7c01b117}
{step !1.2.1 com.xmlcalabash.model.xml.AtomicStep@7c01b117}
ERROR file:///projects/xproc/test-suite/test-suite/tests/ab-connection-012.xml err:XS0032 No connection provided for primary input port ‘source’ on step ‘!1.1’ and no default readable port exists.
</system-out><system-err/></testcase><testcase name="try-catch-001.xml" classname="com.xmlcalabash.testing.TestRunner" time="0.145"><system-out/><system-err/></testcase><testcase name="nw-dup-input-port-002.xml" classname="com.xmlcalabash.testing.TestRunner" time="0.003"><system-out/><system-err/></testcase><testcase name="p-count-003.xml" classname="com.xmlcalabash.testing.TestRunner" time="0.166"><system-out/><system-err/></testcase><testcase name="p-inline-006.xml" classname="com.xmlcalabash.testing.TestRunner" time="0.109"><failure/><system-out>ERROR file:///projects/xproc/test-suite/test-suite/tests/p-inline-006.xml err:XS0077 Invalid value specified: “ELEMENT”. Value must be .
</system-out><system-err/></testcase><testcase name="ab-with-input-032.xml" classname="com.xmlcalabash.testing.TestRunner" time="0.002"><failure/><system-out/><system-err/></testcase><testcase name="ab-with-input-053a.xml" classname="com.xmlcalabash.testing.TestRunner" time="0.106"><failure/><system-out/><system-err/></testcase><testcase name="ab-with-input-026.xml" classname="com.xmlcalabash.testing.TestRunner" time="0.149"><system-out/><system-err/></testcase><testcase name="ab-doc-prop-005.xml" classname="com.xmlcalabash.testing.TestRunner" time="0.11"><failure/><system-out>ERROR file:/projects/xproc/test-suite/test-suite/pipelines/ab-doc-prop-005.xpl:15:60 err:XD0026 The context item is empty in expression: “map { 'a': /doc/@a }” (Saxon: The context item for axis step root/doc is absent)
</system-out><system-err/></testcase><testcase name="ab-option-009.xml" classname="com.xmlcalabash.testing.TestRunner" time="0.116"><system-out>ERROR file:///projects/xproc/test-suite/test-suite/tests/ab-option-009.xml err:XS0018 The option named “option” is required, but no value was provided for it.
</system-out><system-err/></testcase><testcase name="ab-option-021.xml" classname="com.xmlcalabash.testing.TestRunner" time="0.109"><system-out>ERROR file:///projects/xproc/test-suite/test-suite/tests/ab-option-021.xml err:XD0036 Computed result “neither is this” does not match specified type “xs:boolean”.
</system-out><system-err/></testcase><testcase name="ab-variable-021a.xml" classname="com.xmlcalabash.testing.TestRunner" time="0.0"><skipped>The 'lazy-eval' feature is not supported</skipped><system-out/><system-err/></testcase><testcase name="ab-option-023.xml" classname="com.xmlcalabash.testing.TestRunner" time="0.003"><failure/><system-out/><system-err/></testcase><testcase name="ab-doc-prop-007.xml" classname="com.xmlcalabash.testing.TestRunner" time="0.003"><failure>JafplException 17: [{Joiner-1899}→{_32777-1895}→{Splitter-1898}→{var-1894}→{AtomicNode-1896}→{Joiner-1899}]: }</failure><system-out>error:JafplException 17: [{Joiner-1899}→{_32777-1895}→{Splitter-1898}→{var-1894}→{AtomicNode-1896}→{Joiner-1899}]: }
</system-out><system-err/></testcase><testcase name="ab-with-input-018.xml" classname="com.xmlcalabash.testing.TestRunner" time="0.002"><system-out>ERROR file:///projects/xproc/test-suite/test-suite/tests/ab-with-input-018.xml err:XS0082 If a pipe attribute is present, no other data bindings may be specified.
</system-out><system-err/></testcase><testcase name="ab-with-input-053c.xml" classname="com.xmlcalabash.testing.TestRunner" time="0.111"><failure/><system-out/><system-err/></testcase><testcase name="ab-with-input-030.xml" classname="com.xmlcalabash.testing.TestRunner" time="0.002"><failure/><system-out/><system-err/></testcase><testcase name="ab-with-input-024.xml" classname="com.xmlcalabash.testing.TestRunner" time="0.162"><system-out/><system-err/></testcase><testcase name="opt-drp.xml" classname="com.xmlcalabash.testing.TestRunner" time="0.147"><system-out/><system-err/></testcase><testcase name="p-count-001.xml" classname="com.xmlcalabash.testing.TestRunner" time="0.137"><system-out/><system-err/></testcase><testcase name="p-inline-004.xml" classname="com.xmlcalabash.testing.TestRunner" time="0.002"><failure/><system-out/><system-err/></testcase><testcase name="try-catch-003.xml" classname="com.xmlcalabash.testing.TestRunner" time="0.143"><system-out/><system-err/></testcase><testcase name="ab-connection-004.xml" classname="com.xmlcalabash.testing.TestRunner" time="0.155"><system-out/><system-err/></testcase><testcase name="ab-connection-010.xml" classname="com.xmlcalabash.testing.TestRunner" time="0.004"><failure/><system-out>{step !1.2.1 com.xmlcalabash.model.xml.AtomicStep@20b4c98b}
{step !1.2.1 com.xmlcalabash.model.xml.AtomicStep@20b4c98b}
{step !1.2.1 com.xmlcalabash.model.xml.AtomicStep@20b4c98b}
{step !1.2.1 com.xmlcalabash.model.xml.AtomicStep@20b4c98b}
</system-out><system-err/></testcase><testcase name="choose-004.xml" classname="com.xmlcalabash.testing.TestRunner" time="0.004"><failure>None.get</failure><system-out/><system-err/></testcase><testcase name="ab-static-option-var-048.xml" classname="com.xmlcalabash.testing.TestRunner" time="0.004"><failure/><system-out>{step _34184 com.xmlcalabash.model.xml.Variable@51dd8c87}
{step test1-one com.xmlcalabash.model.xml.AtomicStep@49b2d43c}
{step _34184 com.xmlcalabash.model.xml.Variable@51dd8c87}
{step test1-one com.xmlcalabash.model.xml.AtomicStep@49b2d43c}
{step _34184 com.xmlcalabash.model.xml.Variable@51dd8c87}
{step test1-one com.xmlcalabash.model.xml.AtomicStep@49b2d43c}
{step _34184 com.xmlcalabash.model.xml.Variable@51dd8c87}
{step test1-one com.xmlcalabash.model.xml.AtomicStep@49b2d43c}
</system-out><system-err/></testcase><testcase name="doc-prop-005.xml" classname="com.xmlcalabash.testing.TestRunner" time="0.11"><failure/><system-out/><system-err/></testcase><testcase name="doc-prop-004.xml" classname="com.xmlcalabash.testing.TestRunner" time="0.001"><skipped>When 'false()' evaluated to false</skipped><system-out/><system-err/></testcase><testcase name="ab-static-option-var-049.xml" classname="com.xmlcalabash.testing.TestRunner" time="0.004"><failure/><system-out>ERROR file:///projects/xproc/test-suite/test-suite/tests/ab-static-option-var-049.xml err:XD0026 The context item is empty in expression: “/doc/text()” (Saxon: The context item for axis step root/doc is absent)
</system-out><system-err/></testcase><testcase name="ab-connection-011.xml" classname="com.xmlcalabash.testing.TestRunner" time="0.003"><failure/><system-out>{step !1.2.1 com.xmlcalabash.model.xml.AtomicStep@773658eb}
{step !1.2.1 com.xmlcalabash.model.xml.AtomicStep@773658eb}
{step !1.2.1 com.xmlcalabash.model.xml.AtomicStep@773658eb}
{step !1.2.1 com.xmlcalabash.model.xml.AtomicStep@773658eb}
</system-out><system-err/></testcase><testcase name="ab-connection-005.xml" classname="com.xmlcalabash.testing.TestRunner" time="0.155"><system-out/><system-err/></testcase><testcase name="try-catch-002.xml" classname="com.xmlcalabash.testing.TestRunner" time="0.171"><system-out/><system-err/></testcase><testcase name="nw-dup-input-port-001.xml" classname="com.xmlcalabash.testing.TestRunner" time="0.003"><system-out/><system-err/></testcase><testcase name="p-inline-005.xml" classname="com.xmlcalabash.testing.TestRunner" time="0.108"><failure/><system-out>ERROR file:///projects/xproc/test-suite/test-suite/tests/p-inline-005.xml err:XS0070 It is an error to specify an encoding, “base64”, if the content type is an XML media type: “application/xml”.
</system-out><system-err/></testcase><testcase name="ab-with-input-025.xml" classname="com.xmlcalabash.testing.TestRunner" time="0.148"><system-out/><system-err/></testcase><testcase name="ab-with-input-031.xml" classname="com.xmlcalabash.testing.TestRunner" time="0.002"><failure/><system-out/><system-err/></testcase><testcase name="ab-with-input-053b.xml" classname="com.xmlcalabash.testing.TestRunner" time="0.111"><failure/><system-out/><system-err/></testcase><testcase name="ab-with-input-019.xml" classname="com.xmlcalabash.testing.TestRunner" time="0.005"><system-out>ERROR file:///projects/xproc/test-suite/test-suite/tests/ab-with-input-019.xml err:XS0082 If a pipe attribute is present, no other data bindings may be specified.
</system-out><system-err/></testcase><testcase name="ab-doc-prop-006.xml" classname="com.xmlcalabash.testing.TestRunner" time="0.113"><failure/><system-out/><system-err/></testcase><testcase name="ab-option-022.xml" classname="com.xmlcalabash.testing.TestRunner" time="0.158"><system-out/><system-err/></testcase><testcase name="ab-variable-021b.xml" classname="com.xmlcalabash.testing.TestRunner" time="0.153"><system-out/><system-err/></testcase><testcase name="ab-err-s0096-002.xml" classname="com.xmlcalabash.testing.TestRunner" time="0.003"><system-out>ERROR file:///projects/xproc/test-suite/test-suite/tests/ab-err-s0096-002.xml err:XS0096 Invalid sequence type: “xs:integer-”. Unknown atomic type xs:integer-.
</system-out><system-err/></testcase><testcase name="pipe-attr-001.xml" classname="com.xmlcalabash.testing.TestRunner" time="0.165"><system-out/><system-err/></testcase><testcase name="ab-variable-006.xml" classname="com.xmlcalabash.testing.TestRunner" time="0.004"><system-out>ERROR file:///projects/xproc/test-suite/test-suite/tests/ab-variable-006.xml err:XS0096 Invalid sequence type: “dummy”. Unknown simple type dummy.
</system-out><system-err/></testcase><testcase name="ab-variable-012.xml" classname="com.xmlcalabash.testing.TestRunner" time="0.003"><system-out>ERROR file:///projects/xproc/test-suite/test-suite/tests/ab-variable-012.xml err:XS0081 If an href attribute is present, no other data bindings may be specified.
</system-out><system-err/></testcase><testcase name="ab-input-019.xml" classname="com.xmlcalabash.testing.TestRunner" time="0.108"><failure/><system-out/><system-err/></testcase><testcase name="ab-input-025.xml" classname="com.xmlcalabash.testing.TestRunner" time="0.163"><failure>count(result/node())=2: The root element does not have exactly two child.</failure><system-out/><system-err/></testcase><testcase name="ab-with-input-056.xml" classname="com.xmlcalabash.testing.TestRunner" time="0.003"><system-out>ERROR file:///projects/xproc/test-suite/test-suite/tests/ab-with-input-056.xml err:XS0032 No connection provided for primary input port ‘source’ on step ‘!1.1’ and no default readable port exists.
</system-out><system-err/></testcase><testcase name="ab-with-input-042.xml" classname="com.xmlcalabash.testing.TestRunner" time="0.003"><system-out>ERROR file:///projects/xproc/test-suite/test-suite/tests/ab-with-input-042.xml err:XS0044 The element named “doc” is not allowed: cannot mix implicit inlines with elements in the XProc namespace.
</system-out><system-err/></testcase><testcase name="ab-with-input-select-002.xml" classname="com.xmlcalabash.testing.TestRunner" time="0.156"><system-out/><system-err/></testcase><testcase name="ab-err-s0037-004.xml" classname="com.xmlcalabash.testing.TestRunner" time="0.003"><failure/><system-out>error:file:///projects/xproc/test-suite/test-suite/tests/ab-err-s0037-004.xml:???
ERROR file:///projects/xproc/test-suite/test-suite/tests/ab-err-s0037-004.xml err:XS0999 Text not allowed here. Found “This is non whitespace text”.
</system-out><system-err/></testcase><testcase name="ab-p-document026.xml" classname="com.xmlcalabash.testing.TestRunner" time="0.111"><failure>Invalid JSON input: Unexpected symbol: key</failure><system-out/><system-err/></testcase><testcase name="ab-p-document032.xml" classname="com.xmlcalabash.testing.TestRunner" time="0.004"><failure>Illegal character in path at index 0: {/doc/text()}</failure><system-out/><system-err/></testcase><testcase name="ab-static-option-var-006.xml" classname="com.xmlcalabash.testing.TestRunner" time="0.005"><failure/><system-out>{step !1.1.1 com.xmlcalabash.model.xml.AtomicStep@69732a9a}
{step !1.1.1 com.xmlcalabash.model.xml.AtomicStep@69732a9a}
{step !1.1.1 com.xmlcalabash.model.xml.AtomicStep@69732a9a}
ERROR file:///projects/xproc/test-suite/test-suite/tests/ab-static-option-var-006.xml err:XS0032 No connection provided for primary input port ‘source’ on step ‘!1.1’ and no default readable port exists.
</system-out><system-err/></testcase><testcase name="ab-static-option-var-012.xml" classname="com.xmlcalabash.testing.TestRunner" time="0.153"><system-out/><system-err/></testcase><testcase name="ab-err-d0006-002.xml" classname="com.xmlcalabash.testing.TestRunner" time="0.111"><system-out/><system-err/></testcase><testcase name="ab-err-d0006-003.xml" classname="com.xmlcalabash.testing.TestRunner" time="0.118"><system-out/><system-err/></testcase><testcase name="ab-static-option-var-013.xml" classname="com.xmlcalabash.testing.TestRunner" time="0.005"><failure/><system-out>{step !1.3.1 com.xmlcalabash.model.xml.AtomicStep@10ea0b9b}
{step !1.3.1 com.xmlcalabash.model.xml.AtomicStep@67e6b704}
{step !1.3.1 com.xmlcalabash.model.xml.AtomicStep@10ea0b9b}
{step !1.3.1 com.xmlcalabash.model.xml.AtomicStep@10ea0b9b}
{step !1.3.1 com.xmlcalabash.model.xml.AtomicStep@67e6b704}
{step !1.3.1 com.xmlcalabash.model.xml.AtomicStep@67e6b704}
{step !1.3.1 com.xmlcalabash.model.xml.AtomicStep@10ea0b9b}
</system-out><system-err/></testcase><testcase name="ab-static-option-var-007.xml" classname="com.xmlcalabash.testing.TestRunner" time="0.003"><failure/><system-out/><system-err/></testcase><testcase name="ab-p-document033.xml" classname="com.xmlcalabash.testing.TestRunner" time="0.107"><failure/><system-out>ERROR file:///projects/xproc/test-suite/test-suite/tests/ab-p-document033.xml err:XD0026 The context item is empty in expression: “/doc/text()” (Saxon: The context item for axis step root/doc is absent)
</system-out><system-err/></testcase><testcase name="ab-p-document027.xml" classname="com.xmlcalabash.testing.TestRunner" time="0.117"><failure>java.io.FileInputStream cannot be cast to [B</failure><system-out/><system-err/></testcase><testcase name="ab-err-s0037-005.xml" classname="com.xmlcalabash.testing.TestRunner" time="0.003"><failure/><system-out>error:file:///projects/xproc/test-suite/test-suite/tests/ab-err-s0037-005.xml:???
ERROR file:///projects/xproc/test-suite/test-suite/tests/ab-err-s0037-005.xml err:XS0999 Text not allowed here. Found “This is illegal text”.
</system-out><system-err/></testcase><testcase name="ab-with-input-select-003.xml" classname="com.xmlcalabash.testing.TestRunner" time="0.184"><system-out/><system-err/></testcase><testcase name="ab-with-input-043.xml" classname="com.xmlcalabash.testing.TestRunner" time="0.003"><system-out>ERROR file:///projects/xproc/test-suite/test-suite/tests/ab-with-input-043.xml err:XS0044 The element named “doc” is not allowed: cannot mix implicit inlines with elements in the XProc namespace.
</system-out><system-err/></testcase><testcase name="ab-with-input-057.xml" classname="com.xmlcalabash.testing.TestRunner" time="0.005"><system-out>ERROR file:///projects/xproc/test-suite/test-suite/tests/ab-with-input-057.xml err:XS0032 No connection provided for primary input port ‘source’ on step ‘!1.1’ and no default readable port exists.
</system-out><system-err/></testcase><testcase name="ab-input-030.xml" classname="com.xmlcalabash.testing.TestRunner" time="0.004"><system-out>ERROR file:///projects/xproc/test-suite/test-suite/tests/ab-input-030.xml err:XS0044 The element named “p:pipe” is not allowed: element is not allowed here.
</system-out><system-err/></testcase><testcase name="ab-input-024.xml" classname="com.xmlcalabash.testing.TestRunner" time="0.004"><failure/><system-out/><system-err/></testcase><testcase name="ab-input-018.xml" classname="com.xmlcalabash.testing.TestRunner" time="0.112"><failure/><system-out/><system-err/></testcase><testcase name="ab-variable-013.xml" classname="com.xmlcalabash.testing.TestRunner" time="0.003"><system-out>ERROR file:///projects/xproc/test-suite/test-suite/tests/ab-variable-013.xml err:XS0082 If a pipe attribute is present, no other data bindings may be specified.
</system-out><system-err/></testcase><testcase name="ab-variable-007.xml" classname="com.xmlcalabash.testing.TestRunner" time="0.003"><failure/><system-out>ERROR file:///projects/xproc/test-suite/test-suite/tests/ab-variable-007.xml err:XS0082 If a pipe attribute is present, no other data bindings may be specified.
</system-out><system-err/></testcase><testcase name="ab-err-s0096-003.xml" classname="com.xmlcalabash.testing.TestRunner" time="0.002"><system-out>ERROR file:///projects/xproc/test-suite/test-suite/tests/ab-err-s0096-003.xml err:XS0096 Invalid sequence type: “xs:integer-”. Unknown atomic type xs:integer-.
</system-out><system-err/></testcase><testcase name="ab-variable-039.xml" classname="com.xmlcalabash.testing.TestRunner" time="0.169"><system-out/><system-err/></testcase><testcase name="ab-err-s0096-001.xml" classname="com.xmlcalabash.testing.TestRunner" time="0.004"><system-out>ERROR file:///projects/xproc/test-suite/test-suite/tests/ab-err-s0096-001.xml err:XS0096 Invalid sequence type: “xs:integer-”. Unknown atomic type xs:integer-.
</system-out><system-err/></testcase><testcase name="ab-variable-011.xml" classname="com.xmlcalabash.testing.TestRunner" time="0.003"><system-out>ERROR file:///projects/xproc/test-suite/test-suite/tests/ab-variable-011.xml err:XS0081 If an href attribute is present, no other data bindings may be specified.
</system-out><system-err/></testcase><testcase name="ab-variable-005.xml" classname="com.xmlcalabash.testing.TestRunner" time="0.005"><failure/><system-out>ERROR file:///projects/xproc/test-suite/test-suite/tests/ab-variable-005.xml err:XD0015 There is no in-scope namespace for the QName “dummy:var”.
</system-out><system-err/></testcase><testcase name="pipe-attr-002.xml" classname="com.xmlcalabash.testing.TestRunner" time="0.004"><system-out>ERROR file:///projects/xproc/test-suite/test-suite/tests/pipe-attr-002.xml err:XS0082 If a pipe attribute is present, no other data bindings may be specified.
</system-out><system-err/></testcase><testcase name="ab-input-026.xml" classname="com.xmlcalabash.testing.TestRunner" time="0.111"><failure/><system-out>ERROR file:///projects/xproc/test-suite/test-suite/tests/ab-input-026.xml err:XS0998 [No explanatory message for err:XS0998]
</system-out><system-err/></testcase><testcase name="ab-with-input-041.xml" classname="com.xmlcalabash.testing.TestRunner" time="0.004"><failure/><system-out>ERROR file:///projects/xproc/test-suite/test-suite/tests/ab-with-input-041.xml err:XS0044 The element named “doc” is not allowed: cannot mix implicit inlines with elements in the XProc namespace.
</system-out><system-err/></testcase><testcase name="ab-with-input-055.xml" classname="com.xmlcalabash.testing.TestRunner" time="0.003"><system-out>ERROR file:///projects/xproc/test-suite/test-suite/tests/ab-with-input-055.xml err:XS0032 No connection provided for primary input port ‘source’ on step ‘!1.1’ and no default readable port exists.
</system-out><system-err/></testcase><testcase name="ab-with-input-select-001.xml" classname="com.xmlcalabash.testing.TestRunner" time="0.176"><system-out/><system-err/></testcase><testcase name="ab-p-document031.xml" classname="com.xmlcalabash.testing.TestRunner" time="0.003"><failure>Illegal character in path at index 0: {$path}</failure><system-out/><system-err/></testcase><testcase name="ab-p-document025.xml" classname="com.xmlcalabash.testing.TestRunner" time="0.113"><failure>net.sf.saxon.s9api.XdmMap cannot be cast to net.sf.saxon.s9api.XdmNode</failure><system-out>[INFO] [10/21/2018 19:34:36.063] [jafpl-com-2313-akka.actor.default-dispatcher-14] [akka://jafpl-com-2313/user/___2307] Message [com.jafpl.runtime.NodeActor$NClose] from Actor[akka://jafpl-com-2313/user/monitor#1399929715] to Actor[akka://jafpl-com-2313/user/___2307#-1173447911] was not delivered. [1] dead letters encountered. If this is not an expected behavior, then [Actor[akka://jafpl-com-2313/user/___2307#-1173447911]] may have terminated unexpectedly, This logging can be turned off or adjusted with configuration settings 'akka.log-dead-letters' and 'akka.log-dead-letters-during-shutdown'.
[INFO] [10/21/2018 19:34:36.063] [jafpl-com-2313-akka.actor.default-dispatcher-14] [akka://jafpl-com-2313/user/___2306] Message [com.jafpl.runtime.NodeActor$NContainerFinished] from Actor[akka://jafpl-com-2313/user/monitor#1399929715] to Actor[akka://jafpl-com-2313/user/___2306#-398104393] was not delivered. [2] dead letters encountered. If this is not an expected behavior, then [Actor[akka://jafpl-com-2313/user/___2306#-398104393]] may have terminated unexpectedly, This logging can be turned off or adjusted with configuration settings 'akka.log-dead-letters' and 'akka.log-dead-letters-during-shutdown'.
[INFO] [10/21/2018 19:34:36.063] [jafpl-com-2313-akka.actor.default-dispatcher-6] [akka://jafpl-com-2313/user/___2306] Message [com.jafpl.runtime.NodeActor$NException] from Actor[akka://jafpl-com-2313/user/monitor#1399929715] to Actor[akka://jafpl-com-2313/user/___2306#-398104393] was not delivered. [3] dead letters encountered. If this is not an expected behavior, then [Actor[akka://jafpl-com-2313/user/___2306#-398104393]] may have terminated unexpectedly, This logging can be turned off or adjusted with configuration settings 'akka.log-dead-letters' and 'akka.log-dead-letters-during-shutdown'.
</system-out><system-err/></testcase><testcase name="ab-p-document019.xml" classname="com.xmlcalabash.testing.TestRunner" time="0.111"><failure>unsupported</failure><system-out/><system-err/></testcase><testcase name="ab-contenttypes-008.xml" classname="com.xmlcalabash.testing.TestRunner" time="0.113"><failure/><system-out/><system-err/></testcase><testcase name="ab-static-option-var-011.xml" classname="com.xmlcalabash.testing.TestRunner" time="0.167"><system-out/><system-err/></testcase><testcase name="ab-with-option-008.xml" classname="com.xmlcalabash.testing.TestRunner" time="0.11"><failure>key not found: match</failure><system-out/><system-err/></testcase><testcase name="ab-static-option-var-005.xml" classname="com.xmlcalabash.testing.TestRunner" time="0.004"><failure/><system-out/><system-err/></testcase><testcase name="ab-static-option-var-039.xml" classname="com.xmlcalabash.testing.TestRunner" time="0.11"><failure/><system-out/><system-err/></testcase><testcase name="ab-err-d0006-001.xml" classname="com.xmlcalabash.testing.TestRunner" time="0.112"><failure/><system-out/><system-err/></testcase><testcase name="ab-static-option-var-038.xml" classname="com.xmlcalabash.testing.TestRunner" time="0.003"><failure/><system-out>{step _41183 com.xmlcalabash.model.xml.Variable@234777c5}
{step !1.3.1 com.xmlcalabash.model.xml.AtomicStep@22878d89}
{step _41189 com.xmlcalabash.model.xml.Variable@58170b47}
{step !1.3.1 com.xmlcalabash.model.xml.AtomicStep@5159f422}
{step _41183 com.xmlcalabash.model.xml.Variable@234777c5}
{step !1.3.1 com.xmlcalabash.model.xml.AtomicStep@22878d89}
{step _41183 com.xmlcalabash.model.xml.Variable@234777c5}
{step !1.3.1 com.xmlcalabash.model.xml.AtomicStep@22878d89}
{step _41189 com.xmlcalabash.model.xml.Variable@58170b47}
{step !1.3.1 com.xmlcalabash.model.xml.AtomicStep@5159f422}
{step _41189 com.xmlcalabash.model.xml.Variable@58170b47}
{step !1.3.1 com.xmlcalabash.model.xml.AtomicStep@5159f422}
{step _41183 com.xmlcalabash.model.xml.Variable@234777c5}
{step !1.3.1 com.xmlcalabash.model.xml.AtomicStep@22878d89}
</system-out><system-err/></testcase><testcase name="ab-static-option-var-004.xml" classname="com.xmlcalabash.testing.TestRunner" time="0.004"><failure/><system-out/><system-err/></testcase><testcase name="ab-static-option-var-010.xml" classname="com.xmlcalabash.testing.TestRunner" time="0.168"><system-out/><system-err/></testcase><testcase name="ab-with-option-009.xml" classname="com.xmlcalabash.testing.TestRunner" time="0.116"><failure>key not found: match</failure><system-out/><system-err/></testcase><testcase name="ab-contenttypes-009.xml" classname="com.xmlcalabash.testing.TestRunner" time="0.115"><system-out>[INFO] [10/21/2018 19:34:37.204] [jafpl-com-2413-akka.actor.default-dispatcher-11] [akka://jafpl-com-2413/user/___2407] Message [com.jafpl.runtime.NodeActor$NException] from Actor[akka://jafpl-com-2413/user/monitor#-123833664] to Actor[akka://jafpl-com-2413/user/___2407#-1689201261] was not delivered. [1] dead letters encountered. If this is not an expected behavior, then [Actor[akka://jafpl-com-2413/user/___2407#-1689201261]] may have terminated unexpectedly, This logging can be turned off or adjusted with configuration settings 'akka.log-dead-letters' and 'akka.log-dead-letters-during-shutdown'.
[INFO] [10/21/2018 19:34:37.204] [jafpl-com-2413-akka.actor.default-dispatcher-11] [akka://jafpl-com-2413/user/___2407] Message [com.jafpl.runtime.NodeActor$NChildFinished] from Actor[akka://jafpl-com-2413/user/monitor#-123833664] to Actor[akka://jafpl-com-2413/user/___2407#-1689201261] was not delivered. [2] dead letters encountered. If this is not an expected behavior, then [Actor[akka://jafpl-com-2413/user/___2407#-1689201261]] may have terminated unexpectedly, This logging can be turned off or adjusted with configuration settings 'akka.log-dead-letters' and 'akka.log-dead-letters-during-shutdown'.
ERROR err:XD0038 Content type “application/octet-stream” is not an acceptable type (expected one of [text/plain]).
</system-out><system-err/></testcase><testcase name="ab-p-document018.xml" classname="com.xmlcalabash.testing.TestRunner" time="0.15"><system-out/><system-err/></testcase><testcase name="ab-p-document024.xml" classname="com.xmlcalabash.testing.TestRunner" time="0.107"><failure>net.sf.saxon.s9api.XdmMap cannot be cast to net.sf.saxon.s9api.XdmNode</failure><system-out>[INFO] [10/21/2018 19:34:37.467] [jafpl-com-2432-akka.actor.default-dispatcher-4] [akka://jafpl-com-2432/user/___2426] Message [com.jafpl.runtime.NodeActor$NClose] from Actor[akka://jafpl-com-2432/user/monitor#2138143768] to Actor[akka://jafpl-com-2432/user/___2426#-1195104057] was not delivered. [1] dead letters encountered. If this is not an expected behavior, then [Actor[akka://jafpl-com-2432/user/___2426#-1195104057]] may have terminated unexpectedly, This logging can be turned off or adjusted with configuration settings 'akka.log-dead-letters' and 'akka.log-dead-letters-during-shutdown'.
[INFO] [10/21/2018 19:34:37.467] [jafpl-com-2432-akka.actor.default-dispatcher-4] [akka://jafpl-com-2432/user/___2425] Message [com.jafpl.runtime.NodeActor$NContainerFinished] from Actor[akka://jafpl-com-2432/user/monitor#2138143768] to Actor[akka://jafpl-com-2432/user/___2425#122673638] was not delivered. [2] dead letters encountered. If this is not an expected behavior, then [Actor[akka://jafpl-com-2432/user/___2425#122673638]] may have terminated unexpectedly, This logging can be turned off or adjusted with configuration settings 'akka.log-dead-letters' and 'akka.log-dead-letters-during-shutdown'.
[INFO] [10/21/2018 19:34:37.467] [jafpl-com-2432-akka.actor.default-dispatcher-5] [akka://jafpl-com-2432/user/___2425] Message [com.jafpl.runtime.NodeActor$NException] from Actor[akka://jafpl-com-2432/user/monitor#2138143768] to Actor[akka://jafpl-com-2432/user/___2425#122673638] was not delivered. [3] dead letters encountered. If this is not an expected behavior, then [Actor[akka://jafpl-com-2432/user/___2425#122673638]] may have terminated unexpectedly, This logging can be turned off or adjusted with configuration settings 'akka.log-dead-letters' and 'akka.log-dead-letters-during-shutdown'.
</system-out><system-err/></testcase><testcase name="ab-p-document030.xml" classname="com.xmlcalabash.testing.TestRunner" time="0.108"><failure>Undeclared variable in XPath expression: $path</failure><system-out>ERROR err:XPST0008 Undeclared variable in XPath expression: $path
</system-out><system-err/></testcase><testcase name="ab-variable-006a.xml" classname="com.xmlcalabash.testing.TestRunner" time="0.003"><system-out>ERROR file:///projects/xproc/test-suite/test-suite/tests/ab-variable-006a.xml err:XS0096 Invalid sequence type: “dummy”. Unknown simple type dummy.
</system-out><system-err/></testcase><testcase name="ab-with-input-054.xml" classname="com.xmlcalabash.testing.TestRunner" time="0.003"><failure/><system-out>error:file:///projects/xproc/test-suite/test-suite/tests/ab-with-input-054.xml:???
ERROR file:///projects/xproc/test-suite/test-suite/tests/ab-with-input-054.xml err:XS0999 Text not allowed here. Found “text”.
</system-out><system-err/></testcase><testcase name="ab-with-input-040.xml" classname="com.xmlcalabash.testing.TestRunner" time="0.003"><failure/><system-out>ERROR file:///projects/xproc/test-suite/test-suite/tests/ab-with-input-040.xml err:XS0044 The element named “doc” is not allowed: cannot mix implicit inlines with elements in the XProc namespace.
</system-out><system-err/></testcase><testcase name="ab-input-027.xml" classname="com.xmlcalabash.testing.TestRunner" time="0.108"><failure/><system-out>ERROR file:///projects/xproc/test-suite/test-suite/tests/ab-input-027.xml err:XS0998 [No explanatory message for err:XS0998]
</system-out><system-err/></testcase><testcase name="ab-variable-004.xml" classname="com.xmlcalabash.testing.TestRunner" time="0.114"><failure/><system-out/><system-err/></testcase><testcase name="ab-variable-010.xml" classname="com.xmlcalabash.testing.TestRunner" time="0.003"><system-out>ERROR file:///projects/xproc/test-suite/test-suite/tests/ab-variable-010.xml err:XS0081 If an href attribute is present, no other data bindings may be specified.
</system-out><system-err/></testcase><testcase name="ab-variable-038.xml" classname="com.xmlcalabash.testing.TestRunner" time="0.165"><system-out/><system-err/></testcase><testcase name="ab-variable-014.xml" classname="com.xmlcalabash.testing.TestRunner" time="0.005"><system-out>ERROR file:///projects/xproc/test-suite/test-suite/tests/ab-variable-014.xml err:XS0082 If a pipe attribute is present, no other data bindings may be specified.
</system-out><system-err/></testcase><testcase name="ab-variable-028.xml" classname="com.xmlcalabash.testing.TestRunner" time="0.15"><system-out/><system-err/></testcase><testcase name="ab-err-s0096-004.xml" classname="com.xmlcalabash.testing.TestRunner" time="0.003"><system-out>ERROR file:///projects/xproc/test-suite/test-suite/tests/ab-err-s0096-004.xml err:XS0096 Invalid sequence type: “foo”. Unknown simple type foo.
</system-out><system-err/></testcase><testcase name="ab-input-023.xml" classname="com.xmlcalabash.testing.TestRunner" time="0.003"><failure>None.get</failure><system-out/><system-err/></testcase><testcase name="ab-with-input-044.xml" classname="com.xmlcalabash.testing.TestRunner" time="0.003"><system-out>ERROR file:///projects/xproc/test-suite/test-suite/tests/ab-with-input-044.xml err:XS0044 The element named “doc” is not allowed: cannot mix implicit inlines with elements in the XProc namespace.
</system-out><system-err/></testcase><testcase name="ab-with-input-050.xml" classname="com.xmlcalabash.testing.TestRunner" time="0.002"><failure/><system-out>ERROR file:///projects/xproc/test-suite/test-suite/tests/ab-with-input-050.xml err:XS0044 The element named “p:empty” is not allowed: cannot mix implicit inlines with elements in the XProc namespace.
</system-out><system-err/></testcase><testcase name="ab-with-input-select-004.xml" classname="com.xmlcalabash.testing.TestRunner" time="0.169"><system-out/><system-err/></testcase><testcase name="ab-p-document008.xml" classname="com.xmlcalabash.testing.TestRunner" time="0.111"><failure>/projects/xproc/test-suite/test-suite/tests/i-do-not-exists.xml (No such file or directory)</failure><system-out/><system-err/></testcase><testcase name="ab-p-document034.xml" classname="com.xmlcalabash.testing.TestRunner" time="0.111"><system-out>ERROR err:XD0023 XML document is not valid: file:/projects/xproc/test-suite/test-suite/documents/ab-invalid-doc-dtd.xml
</system-out><system-err/></testcase><testcase name="ab-err-s0037-002.xml" classname="com.xmlcalabash.testing.TestRunner" time="0.003"><failure/><system-out>error:file:///projects/xproc/test-suite/test-suite/tests/ab-err-s0037-002.xml:???
ERROR file:///projects/xproc/test-suite/test-suite/tests/ab-err-s0037-002.xml err:XS0999 Text not allowed here. Found “This is illegal text”.
</system-out><system-err/></testcase><testcase name="ab-p-document020.xml" classname="com.xmlcalabash.testing.TestRunner" time="0.155"><system-out/><system-err/></testcase><testcase name="ab-static-option-var-028.xml" classname="com.xmlcalabash.testing.TestRunner" time="0.004"><failure>JafplException 17: [{Joiner-2528}→{_44056-2524}→{Splitter-2527}→{static-variable-2523}→{AtomicNode-2525}→{Joiner-2528}]: }</failure><system-out>error:JafplException 17: [{Joiner-2528}→{_44056-2524}→{Splitter-2527}→{static-variable-2523}→{AtomicNode-2525}→{Joiner-2528}]: }
</system-out><system-err/></testcase><testcase name="ab-static-option-var-014.xml" classname="com.xmlcalabash.testing.TestRunner" time="0.008"><failure/><system-out/><system-err/></testcase><testcase name="ab-err-d0006-004.xml" classname="com.xmlcalabash.testing.TestRunner" time="0.109"><system-out/><system-err/></testcase><testcase name="ab-static-option-var-001.xml" classname="com.xmlcalabash.testing.TestRunner" time="0.158"><system-out/><system-err/></testcase><testcase name="ab-static-option-var-015.xml" classname="com.xmlcalabash.testing.TestRunner" time="0.003"><failure/><system-out>{step !1.1.1 com.xmlcalabash.model.xml.AtomicStep@1bf60b57}
{step !1.1.1 com.xmlcalabash.model.xml.AtomicStep@1bf60b57}
{step !1.1.1 com.xmlcalabash.model.xml.AtomicStep@1bf60b57}
{step !1.1.1 com.xmlcalabash.model.xml.AtomicStep@1bf60b57}
</system-out><system-err/></testcase><testcase name="ab-static-option-var-029.xml" classname="com.xmlcalabash.testing.TestRunner" time="0.004"><failure>JafplException 17: [{Joiner-2571}→{_44617-2567}→{Splitter-2570}→{static-variable-2565}→{another-variable-2566}→{AtomicNode-2568}→{Joiner-2571}]: }</failure><system-out>error:JafplException 17: [{Joiner-2571}→{_44617-2567}→{Splitter-2570}→{static-variable-2565}→{another-variable-2566}→{AtomicNode-2568}→{Joiner-2571}]: }
</system-out><system-err/></testcase><testcase name="ab-p-document021.xml" classname="com.xmlcalabash.testing.TestRunner" time="0.108"><failure>net.sf.saxon.s9api.XdmMap cannot be cast to net.sf.saxon.s9api.XdmNode</failure><system-out>[INFO] [10/21/2018 19:34:39.096] [jafpl-com-2578-akka.actor.default-dispatcher-7] [akka://jafpl-com-2578/user/___2574] Message [com.jafpl.runtime.NodeActor$NClose] from Actor[akka://jafpl-com-2578/user/monitor#-1265345321] to Actor[akka://jafpl-com-2578/user/___2574#-1394627041] was not delivered. [1] dead letters encountered. If this is not an expected behavior, then [Actor[akka://jafpl-com-2578/user/___2574#-1394627041]] may have terminated unexpectedly, This logging can be turned off or adjusted with configuration settings 'akka.log-dead-letters' and 'akka.log-dead-letters-during-shutdown'.
[INFO] [10/21/2018 19:34:39.096] [jafpl-com-2578-akka.actor.default-dispatcher-7] [akka://jafpl-com-2578/user/___2573] Message [com.jafpl.runtime.NodeActor$NContainerFinished] from Actor[akka://jafpl-com-2578/user/monitor#-1265345321] to Actor[akka://jafpl-com-2578/user/___2573#54815673] was not delivered. [2] dead letters encountered. If this is not an expected behavior, then [Actor[akka://jafpl-com-2578/user/___2573#54815673]] may have terminated unexpectedly, This logging can be turned off or adjusted with configuration settings 'akka.log-dead-letters' and 'akka.log-dead-letters-during-shutdown'.
</system-out><system-err/></testcase><testcase name="ab-err-s0037-003.xml" classname="com.xmlcalabash.testing.TestRunner" time="0.005"><failure/><system-out>error:file:///projects/xproc/test-suite/test-suite/tests/ab-err-s0037-003.xml:???
ERROR file:///projects/xproc/test-suite/test-suite/tests/ab-err-s0037-003.xml err:XS0999 Text not allowed here. Found “This is non whitespace text”.
</system-out><system-err/></testcase><testcase name="ab-p-document035.xml" classname="com.xmlcalabash.testing.TestRunner" time="0.159"><system-out/><system-err/></testcase><testcase name="ab-p-document009.xml" classname="com.xmlcalabash.testing.TestRunner" time="0.107"><failure>/projects/xproc/test-suite/test-suite/tests/i-do-not-exist.xml (No such file or directory)</failure><system-out/><system-err/></testcase><testcase name="ab-with-input-select-005.xml" classname="com.xmlcalabash.testing.TestRunner" time="0.159"><failure>*[1]/name()='p:document-properties': Root element is not named 'p:document-properties'.</failure><system-out/><system-err/></testcase><testcase name="ab-with-input-051.xml" classname="com.xmlcalabash.testing.TestRunner" time="0.003"><failure/><system-out>ERROR file:///projects/xproc/test-suite/test-suite/tests/ab-with-input-051.xml err:XS0044 The element named “doc” is not allowed: cannot mix implicit inlines with elements in the XProc namespace.
</system-out><system-err/></testcase><testcase name="ab-with-input-045.xml" classname="com.xmlcalabash.testing.TestRunner" time="0.003"><failure/><system-out>ERROR file:///projects/xproc/test-suite/test-suite/tests/ab-with-input-045.xml err:XS0044 The element named “p:documentation” is not allowed: cannot mix implicit inlines with elements in the XProc namespace.
</system-out><system-err/></testcase><testcase name="ab-input-022.xml" classname="com.xmlcalabash.testing.TestRunner" time="0.11"><failure/><system-out/><system-err/></testcase><testcase name="ab-err-s0096-005.xml" classname="com.xmlcalabash.testing.TestRunner" time="0.004"><system-out>ERROR file:///projects/xproc/test-suite/test-suite/tests/ab-err-s0096-005.xml err:XS0096 Invalid sequence type: “foo”. Unknown simple type foo.
</system-out><system-err/></testcase><testcase name="ab-variable-029.xml" classname="com.xmlcalabash.testing.TestRunner" time="0.159"><system-out/><system-err/></testcase><testcase name="ab-variable-001.xml" classname="com.xmlcalabash.testing.TestRunner" time="0.002"><system-out/><system-err/></testcase><testcase name="ab-variable-015.xml" classname="com.xmlcalabash.testing.TestRunner" time="0.002"><system-out>ERROR file:///projects/xproc/test-suite/test-suite/tests/ab-variable-015.xml err:XS0082 If a pipe attribute is present, no other data bindings may be specified.
</system-out><system-err/></testcase><testcase name="ab-variable-003.xml" classname="com.xmlcalabash.testing.TestRunner" time="0.003"><failure/><system-out/><system-err/></testcase><testcase name="ab-variable-017.xml" classname="com.xmlcalabash.testing.TestRunner" time="0.002"><system-out>ERROR file:///projects/xproc/test-suite/test-suite/tests/ab-variable-017.xml err:XS0082 If a pipe attribute is present, no other data bindings may be specified.
</system-out><system-err/></testcase><testcase name="ab-err-s0096-007.xml" classname="com.xmlcalabash.testing.TestRunner" time="0.002"><system-out>ERROR file:///projects/xproc/test-suite/test-suite/tests/ab-err-s0096-007.xml err:XS0096 Invalid sequence type: “xs:integer-”. Unknown atomic type xs:integer-.
</system-out><system-err/></testcase><testcase name="ab-input-020.xml" classname="com.xmlcalabash.testing.TestRunner" time="0.108"><failure/><system-out/><system-err/></testcase><testcase name="ab-input-008.xml" classname="com.xmlcalabash.testing.TestRunner" time="0.004"><system-out>ERROR file:///projects/xproc/test-suite/test-suite/tests/ab-input-008.xml err:XS0030 Attempt to make port ‘alternate’ primary when ‘source’ is already primary.
</system-out><system-err/></testcase><testcase name="ab-with-input-053.xml" classname="com.xmlcalabash.testing.TestRunner" time="0.11"><failure/><system-out/><system-err/></testcase><testcase name="ab-with-input-047.xml" classname="com.xmlcalabash.testing.TestRunner" time="0.004"><system-out>ERROR file:///projects/xproc/test-suite/test-suite/tests/ab-with-input-047.xml err:XS0044 The element named “p:inline” is not allowed: cannot mix implicit inlines with elements in the XProc namespace.
</system-out><system-err/></testcase><testcase name="ab-with-input-select-007.xml" classname="com.xmlcalabash.testing.TestRunner" time="0.11"><failure>net.sf.saxon.s9api.XdmAtomicValue cannot be cast to net.sf.saxon.s9api.XdmNode</failure><system-out/><system-err/></testcase><testcase name="ab-err-s0037-001.xml" classname="com.xmlcalabash.testing.TestRunner" time="0.004"><failure/><system-out>error:file:///projects/xproc/test-suite/test-suite/tests/ab-err-s0037-001.xml:???
ERROR file:///projects/xproc/test-suite/test-suite/tests/ab-err-s0037-001.xml err:XS0999 Text not allowed here. Found “This is illegal text”.
</system-out><system-err/></testcase><testcase name="ab-p-document023.xml" classname="com.xmlcalabash.testing.TestRunner" time="0.112"><failure>net.sf.saxon.s9api.XdmMap cannot be cast to net.sf.saxon.s9api.XdmNode</failure><system-out>[INFO] [10/21/2018 19:34:40.282] [jafpl-com-2653-akka.actor.default-dispatcher-5] [akka://jafpl-com-2653/user/___2647] Message [com.jafpl.runtime.NodeActor$NClose] from Actor[akka://jafpl-com-2653/user/monitor#522734043] to Actor[akka://jafpl-com-2653/user/___2647#1025270545] was not delivered. [1] dead letters encountered. If this is not an expected behavior, then [Actor[akka://jafpl-com-2653/user/___2647#1025270545]] may have terminated unexpectedly, This logging can be turned off or adjusted with configuration settings 'akka.log-dead-letters' and 'akka.log-dead-letters-during-shutdown'.
</system-out><system-err/></testcase><testcase name="ab-static-option-var-003.xml" classname="com.xmlcalabash.testing.TestRunner" time="0.004"><failure/><system-out/><system-err/></testcase><testcase name="ab-static-option-var-017.xml" classname="com.xmlcalabash.testing.TestRunner" time="0.111"><failure/><system-out/><system-err/></testcase><testcase name="ab-static-option-var-016.xml" classname="com.xmlcalabash.testing.TestRunner" time="0.012"><failure/><system-out/><system-err/></testcase><testcase name="ab-static-option-var-002.xml" classname="com.xmlcalabash.testing.TestRunner" time="0.155"><system-out/><system-err/></testcase><testcase name="ab-p-document036.xml" classname="com.xmlcalabash.testing.TestRunner" time="0.163"><failure>p:document-properties: There is no root element p:document-properties.</failure><system-out/><system-err/></testcase><testcase name="ab-p-document022.xml" classname="com.xmlcalabash.testing.TestRunner" time="0.111"><failure>net.sf.saxon.s9api.XdmMap cannot be cast to net.sf.saxon.s9api.XdmNode</failure><system-out>[INFO] [10/21/2018 19:34:40.832] [jafpl-com-2701-akka.actor.default-dispatcher-7] [akka://jafpl-com-2701/user/___2695] Message [com.jafpl.runtime.NodeActor$NException] from Actor[akka://jafpl-com-2701/user/monitor#254834682] to Actor[akka://jafpl-com-2701/user/___2695#1518631644] was not delivered. [1] dead letters encountered. If this is not an expected behavior, then [Actor[akka://jafpl-com-2701/user/___2695#1518631644]] may have terminated unexpectedly, This logging can be turned off or adjusted with configuration settings 'akka.log-dead-letters' and 'akka.log-dead-letters-during-shutdown'.
[INFO] [10/21/2018 19:34:40.832] [jafpl-com-2701-akka.actor.default-dispatcher-7] [akka://jafpl-com-2701/user/___2697] Message [com.jafpl.runtime.NodeActor$NClose] from Actor[akka://jafpl-com-2701/user/monitor#254834682] to Actor[akka://jafpl-com-2701/user/___2697#1118996132] was not delivered. [2] dead letters encountered. If this is not an expected behavior, then [Actor[akka://jafpl-com-2701/user/___2697#1118996132]] may have terminated unexpectedly, This logging can be turned off or adjusted with configuration settings 'akka.log-dead-letters' and 'akka.log-dead-letters-during-shutdown'.
</system-out><system-err/></testcase><testcase name="ab-with-input-select-006.xml" classname="com.xmlcalabash.testing.TestRunner" time="0.11"><failure/><system-out>ERROR file:///projects/xproc/test-suite/test-suite/tests/ab-with-input-select-006.xml err:XS0077 Invalid value specified: “ELEMENT”. Value must be .
</system-out><system-err/></testcase><testcase name="ab-with-input-046.xml" classname="com.xmlcalabash.testing.TestRunner" time="0.005"><failure/><system-out>ERROR file:///projects/xproc/test-suite/test-suite/tests/ab-with-input-046.xml err:XS0044 The element named “p:pipeinfo” is not allowed: cannot mix implicit inlines with elements in the XProc namespace.
</system-out><system-err/></testcase><testcase name="ab-with-input-052.xml" classname="com.xmlcalabash.testing.TestRunner" time="0.151"><failure>count(self::wrapped//*)=2: 'wrapped' does not have exactly two child elements.</failure><system-out/><system-err/></testcase><testcase name="ab-input-009.xml" classname="com.xmlcalabash.testing.TestRunner" time="0.11"><failure/><system-out>ERROR file:///projects/xproc/test-suite/test-suite/tests/ab-input-009.xml err:XS0998 [No explanatory message for err:XS0998]
</system-out><system-err/></testcase><testcase name="ab-input-021.xml" classname="com.xmlcalabash.testing.TestRunner" time="0.15"><system-out/><system-err/></testcase><testcase name="ab-err-s0096-006.xml" classname="com.xmlcalabash.testing.TestRunner" time="0.002"><system-out>ERROR file:///projects/xproc/test-suite/test-suite/tests/ab-err-s0096-006.xml err:XS0096 Invalid sequence type: “foo”. Unknown simple type foo.
</system-out><system-err/></testcase><testcase name="ab-variable-016.xml" classname="com.xmlcalabash.testing.TestRunner" time="0.003"><system-out>ERROR file:///projects/xproc/test-suite/test-suite/tests/ab-variable-016.xml err:XS0082 If a pipe attribute is present, no other data bindings may be specified.
</system-out><system-err/></testcase><testcase name="ab-variable-002.xml" classname="com.xmlcalabash.testing.TestRunner" time="0.002"><failure/><system-out>ERROR file:///projects/xproc/test-suite/test-suite/tests/ab-variable-002.xml err:XS0094 [No explanatory message for err:XS0094]
</system-out><system-err/></testcase></testsuite>